<?xml version="1.0" ?>
<testsuites disabled="0" errors="0" failures="69" tests="169" time="0.0">
	<testsuite disabled="0" errors="0" failures="69" name="terraform scan" skipped="0" tests="169" time="0">
		<properties>
			<property name="directory" value="['/app']"/>
			<property name="add_check" value="False"/>
			<property name="list" value="False"/>
			<property name="output" value="['junitxml']"/>
			<property name="output_file_path" value="/output/results.xml"/>
			<property name="output_bc_ids" value="False"/>
			<property name="include_all_checkov_policies" value="True"/>
			<property name="quiet" value="False"/>
			<property name="compact" value="False"/>
			<property name="framework" value="['all']"/>
			<property name="skip_framework" value="[]"/>
			<property name="skip_check" value="['CKV_AWS_59']"/>
			<property name="run_all_external_checks" value="False"/>
			<property name="soft_fail" value="False"/>
			<property name="skip_results_upload" value="False"/>
			<property name="repo_id" value="cli_repo/app"/>
			<property name="branch" value="master"/>
			<property name="skip_download" value="False"/>
			<property name="use_enforcement_rules" value="False"/>
			<property name="external_modules_download_path" value=".external_modules"/>
			<property name="evaluate_variables" value="True"/>
			<property name="no_cert_verify" value="False"/>
			<property name="create_baseline" value="False"/>
			<property name="output_baseline_as_skipped" value="False"/>
			<property name="secrets_scan_file_type" value="[]"/>
			<property name="enable_secret_scan_all_files" value="False"/>
			<property name="block_list_secret_scan" value="[]"/>
			<property name="summary_position" value="top"/>
			<property name="skip_resources_without_violations" value="False"/>
			<property name="deep_analysis" value="False"/>
			<property name="no_fail_on_crash" value="False"/>
			<property name="mask" value="defaultdict(&lt;class 'set'&gt;, {})"/>
			<property name="scan_secrets_history" value="False"/>
			<property name="secrets_history_timeout" value="12h"/>
			<property name="custom_tool_name" value="Checkov"/>
		</properties>
		<testcase name="[NONE][CKV2_AWS_70] Ensure API gateway method has authorization or API key set" classname="/apigateway.tf.aws_api_gateway_method.login_post" file="/apigateway.tf"/>
		<testcase name="[NONE][CKV2_AWS_70] Ensure API gateway method has authorization or API key set" classname="/apigateway.tf.aws_api_gateway_method.eventos_post" file="/apigateway.tf"/>
		<testcase name="[NONE][CKV2_AWS_70] Ensure API gateway method has authorization or API key set" classname="/apigateway.tf.aws_api_gateway_method.post_register_event" file="/apigateway.tf"/>
		<testcase name="[NONE][CKV_AWS_73] Ensure API Gateway has X-Ray Tracing enabled" classname="/apigateway.tf.aws_api_gateway_stage.api_stage" file="/apigateway.tf"/>
		<testcase name="[NONE][CKV_AWS_364] Ensure that AWS Lambda function permissions delegated to AWS services are limited by SourceArn or SourceAccount" classname="/apigateway.tf.aws_lambda_permission.api_gateway_login" file="/apigateway.tf"/>
		<testcase name="[NONE][CKV_AWS_301] Ensure that AWS Lambda function is not publicly accessible" classname="/apigateway.tf.aws_lambda_permission.api_gateway_login" file="/apigateway.tf"/>
		<testcase name="[NONE][CKV_AWS_364] Ensure that AWS Lambda function permissions delegated to AWS services are limited by SourceArn or SourceAccount" classname="/apigateway.tf.aws_lambda_permission.api_gateway_eventos" file="/apigateway.tf"/>
		<testcase name="[NONE][CKV_AWS_301] Ensure that AWS Lambda function is not publicly accessible" classname="/apigateway.tf.aws_lambda_permission.api_gateway_eventos" file="/apigateway.tf"/>
		<testcase name="[NONE][CKV_AWS_364] Ensure that AWS Lambda function permissions delegated to AWS services are limited by SourceArn or SourceAccount" classname="/apigateway.tf.aws_lambda_permission.api_gateway_register_event" file="/apigateway.tf"/>
		<testcase name="[NONE][CKV_AWS_301] Ensure that AWS Lambda function is not publicly accessible" classname="/apigateway.tf.aws_lambda_permission.api_gateway_register_event" file="/apigateway.tf"/>
		<testcase name="[NONE][CKV_AWS_305] Ensure CloudFront distribution has a default root object configured" classname="/cloudfront.tf.aws_cloudfront_distribution.cdn" file="/cloudfront.tf"/>
		<testcase name="[NONE][CKV_AWS_216] Ensure CloudFront distribution is enabled" classname="/cloudfront.tf.aws_cloudfront_distribution.cdn" file="/cloudfront.tf"/>
		<testcase name="[NONE][CKV_AWS_34] Ensure CloudFront distribution ViewerProtocolPolicy is set to HTTPS" classname="/cloudfront.tf.aws_cloudfront_distribution.cdn" file="/cloudfront.tf"/>
		<testcase name="[NONE][CKV_AWS_60] Ensure IAM role allows only specific services or principals to assume it" classname="/iam-lambda.tf.aws_iam_role.lambda_exec_role" file="/iam-lambda.tf"/>
		<testcase name="[NONE][CKV_AWS_274] Disallow IAM roles, users, and groups from using the AWS AdministratorAccess policy" classname="/iam-lambda.tf.aws_iam_role.lambda_exec_role" file="/iam-lambda.tf"/>
		<testcase name="[NONE][CKV_AWS_61] Ensure AWS IAM policy does not allow assume role permission across all services" classname="/iam-lambda.tf.aws_iam_role.lambda_exec_role" file="/iam-lambda.tf"/>
		<testcase name="[NONE][CKV_AWS_289] Ensure IAM policies does not allow permissions management / resource exposure without constraints" classname="/iam-lambda.tf.aws_iam_policy.lambda_policy" file="/iam-lambda.tf"/>
		<testcase name="[NONE][CKV_AWS_286] Ensure IAM policies does not allow privilege escalation" classname="/iam-lambda.tf.aws_iam_policy.lambda_policy" file="/iam-lambda.tf"/>
		<testcase name="[NONE][CKV_AWS_288] Ensure IAM policies does not allow data exfiltration" classname="/iam-lambda.tf.aws_iam_policy.lambda_policy" file="/iam-lambda.tf"/>
		<testcase name="[NONE][CKV_AWS_287] Ensure IAM policies does not allow credentials exposure" classname="/iam-lambda.tf.aws_iam_policy.lambda_policy" file="/iam-lambda.tf"/>
		<testcase name="[NONE][CKV_AWS_62] Ensure IAM policies that allow full &quot;*-*&quot; administrative privileges are not created" classname="/iam-lambda.tf.aws_iam_policy.lambda_policy" file="/iam-lambda.tf"/>
		<testcase name="[NONE][CKV_AWS_63] Ensure no IAM policies documents allow &quot;*&quot; as a statement's actions" classname="/iam-lambda.tf.aws_iam_policy.lambda_policy" file="/iam-lambda.tf"/>
		<testcase name="[NONE][CKV_AWS_274] Disallow IAM roles, users, and groups from using the AWS AdministratorAccess policy" classname="/iam-lambda.tf.aws_iam_role_policy_attachment.lambda_policy_attach" file="/iam-lambda.tf"/>
		<testcase name="[NONE][CKV_AWS_274] Disallow IAM roles, users, and groups from using the AWS AdministratorAccess policy" classname="/iam-lambda.tf.aws_iam_role_policy_attachment.lambda_dynamodb_access" file="/iam-lambda.tf"/>
		<testcase name="[NONE][CKV_AWS_274] Disallow IAM roles, users, and groups from using the AWS AdministratorAccess policy" classname="/iam-lambda.tf.aws_iam_role_policy_attachment.lambda_sqs_access" file="/iam-lambda.tf"/>
		<testcase name="[NONE][CKV_AWS_274] Disallow IAM roles, users, and groups from using the AWS AdministratorAccess policy" classname="/iam-lambda.tf.aws_iam_role_policy_attachment.lambda_ses_access" file="/iam-lambda.tf"/>
		<testcase name="[NONE][CKV_AWS_274] Disallow IAM roles, users, and groups from using the AWS AdministratorAccess policy" classname="/iam-lambda.tf.aws_iam_role_policy_attachment.lambda_kinesis_access" file="/iam-lambda.tf"/>
		<testcase name="[NONE][CKV_AWS_185] Ensure Kinesis Stream is encrypted by KMS using a customer managed Key (CMK)" classname="/kinesis.tf.aws_kinesis_stream.event_stream" file="/kinesis.tf"/>
		<testcase name="[NONE][CKV_AWS_43] Ensure Kinesis Stream is securely encrypted" classname="/kinesis.tf.aws_kinesis_stream.event_stream" file="/kinesis.tf"/>
		<testcase name="[NONE][CKV_AWS_117] Ensure that AWS Lambda function is configured inside a VPC" classname="/lambda-createEvent.tf.aws_lambda_function.create_event" file="/lambda-createEvent.tf"/>
		<testcase name="[NONE][CKV_AWS_45] Ensure no hard-coded secrets exist in lambda environment" classname="/lambda-createEvent.tf.aws_lambda_function.create_event" file="/lambda-createEvent.tf"/>
		<testcase name="[NONE][CKV_AWS_50] X-Ray tracing is enabled for Lambda" classname="/lambda-createEvent.tf.aws_lambda_function.create_event" file="/lambda-createEvent.tf"/>
		<testcase name="[NONE][CKV_AWS_45] Ensure no hard-coded secrets exist in lambda environment" classname="/lambda-kinesis-consumer.tf.aws_lambda_function.kinesis_consumer" file="/lambda-kinesis-consumer.tf"/>
		<testcase name="[NONE][CKV_AWS_363] Ensure Lambda Runtime is not deprecated" classname="/lambda-kinesis-consumer.tf.aws_lambda_function.kinesis_consumer" file="/lambda-kinesis-consumer.tf"/>
		<testcase name="[NONE][CKV_AWS_272] Ensure AWS Lambda function is configured to validate code-signing" classname="/lambda-kinesis-consumer.tf.aws_lambda_function.kinesis_consumer" file="/lambda-kinesis-consumer.tf"/>
		<testcase name="[NONE][CKV_AWS_117] Ensure that AWS Lambda function is configured inside a VPC" classname="/lambda-loginUser.tf.aws_lambda_function.login_user" file="/lambda-loginUser.tf"/>
		<testcase name="[NONE][CKV_AWS_45] Ensure no hard-coded secrets exist in lambda environment" classname="/lambda-loginUser.tf.aws_lambda_function.login_user" file="/lambda-loginUser.tf"/>
		<testcase name="[NONE][CKV_AWS_115] Ensure that AWS Lambda function is configured for function-level concurrent execution limit" classname="/lambda-loginUser.tf.aws_lambda_function.login_user" file="/lambda-loginUser.tf"/>
		<testcase name="[NONE][CKV_AWS_117] Ensure that AWS Lambda function is configured inside a VPC" classname="/lambda-registerEvent.tf.aws_lambda_function.register_event" file="/lambda-registerEvent.tf"/>
		<testcase name="[NONE][CKV_AWS_45] Ensure no hard-coded secrets exist in lambda environment" classname="/lambda-registerEvent.tf.aws_lambda_function.register_event" file="/lambda-registerEvent.tf"/>
		<testcase name="[NONE][CKV_AWS_363] Ensure Lambda Runtime is not deprecated" classname="/lambda-registerEvent.tf.aws_lambda_function.register_event" file="/lambda-registerEvent.tf"/>
		<testcase name="[NONE][CKV_AWS_45] Ensure no hard-coded secrets exist in lambda environment" classname="/lambda-sqs-ses.tf.aws_lambda_function.sqs_ses_consumer" file="/lambda-sqs-ses.tf"/>
		<testcase name="[NONE][CKV_AWS_41] Ensure no hard coded AWS access key and secret key exists in provider" classname="/main.tf.aws.default" file="/main.tf"/>
		<testcase name="[NONE][CKV_AWS_354] Ensure RDS Performance Insights are encrypted using KMS CMKs" classname="/rds.tf.aws_db_instance.postgres_db" file="/rds.tf"/>
		<testcase name="[NONE][CKV_AWS_211] Ensure RDS uses a modern CaCert" classname="/rds.tf.aws_db_instance.postgres_db" file="/rds.tf"/>
		<testcase name="[NONE][CKV_AWS_133] Ensure that RDS instances has backup policy" classname="/rds.tf.aws_db_instance.postgres_db" file="/rds.tf"/>
		<testcase name="[NONE][CKV_AWS_388] Ensure AWS Aurora PostgreSQL is not exposed to local file read vulnerability" classname="/rds.tf.aws_db_instance.postgres_db" file="/rds.tf"/>
		<testcase name="[NONE][CKV_AWS_24] Ensure no security groups allow ingress from 0.0.0.0:0 to port 22" classname="/rds.tf.aws_security_group.rds_sg" file="/rds.tf"/>
		<testcase name="[NONE][CKV_AWS_260] Ensure no security groups allow ingress from 0.0.0.0:0 to port 80" classname="/rds.tf.aws_security_group.rds_sg" file="/rds.tf"/>
		<testcase name="[NONE][CKV_AWS_277] Ensure no security groups allow ingress from 0.0.0.0:0 to port -1" classname="/rds.tf.aws_security_group.rds_sg" file="/rds.tf"/>
		<testcase name="[NONE][CKV_AWS_25] Ensure no security groups allow ingress from 0.0.0.0:0 to port 3389" classname="/rds.tf.aws_security_group.rds_sg" file="/rds.tf"/>
		<testcase name="[NONE][CKV_AWS_24] Ensure no security groups allow ingress from 0.0.0.0:0 to port 22" classname="/rds.tf.aws_security_group.lambda_sg" file="/rds.tf"/>
		<testcase name="[NONE][CKV_AWS_260] Ensure no security groups allow ingress from 0.0.0.0:0 to port 80" classname="/rds.tf.aws_security_group.lambda_sg" file="/rds.tf"/>
		<testcase name="[NONE][CKV_AWS_277] Ensure no security groups allow ingress from 0.0.0.0:0 to port -1" classname="/rds.tf.aws_security_group.lambda_sg" file="/rds.tf"/>
		<testcase name="[NONE][CKV_AWS_25] Ensure no security groups allow ingress from 0.0.0.0:0 to port 3389" classname="/rds.tf.aws_security_group.lambda_sg" file="/rds.tf"/>
		<testcase name="[NONE][CKV_AWS_23] Ensure every security group and rule has a description" classname="/rds.tf.aws_security_group.lambda_sg" file="/rds.tf"/>
		<testcase name="[NONE][CKV_AWS_382] Ensure no security groups allow egress from 0.0.0.0:0 to port -1" classname="/rds.tf.aws_security_group.lambda_sg" file="/rds.tf"/>
		<testcase name="[NONE][CKV_AWS_93] Ensure S3 bucket policy does not lockout all but root user. (Prevent lockouts needing root account fixes)" classname="/s3.tf.aws_s3_bucket.mi_bucket_web" file="/s3.tf"/>
		<testcase name="[NONE][CKV_AWS_93] Ensure S3 bucket policy does not lockout all but root user. (Prevent lockouts needing root account fixes)" classname="/s3.tf.aws_s3_bucket_policy.bucket_oai_policy" file="/s3.tf"/>
		<testcase name="[NONE][CKV_AWS_70] Ensure S3 bucket does not allow an action with any Principal" classname="/s3.tf.aws_s3_bucket_policy.bucket_oai_policy" file="/s3.tf"/>
		<testcase name="[NONE][CKV_AWS_56] Ensure S3 bucket has 'restrict_public_buckets' enabled" classname="/s3.tf.aws_s3_bucket_public_access_block.no_block" file="/s3.tf"/>
		<testcase name="[NONE][CKV_AWS_54] Ensure S3 bucket has block public policy enabled" classname="/s3.tf.aws_s3_bucket_public_access_block.no_block" file="/s3.tf"/>
		<testcase name="[NONE][CKV_AWS_53] Ensure S3 bucket has block public ACLS enabled" classname="/s3.tf.aws_s3_bucket_public_access_block.no_block" file="/s3.tf"/>
		<testcase name="[NONE][CKV_AWS_55] Ensure S3 bucket has ignore public ACLs enabled" classname="/s3.tf.aws_s3_bucket_public_access_block.no_block" file="/s3.tf"/>
		<testcase name="[NONE][CKV_AWS_168] Ensure SQS queue policy is not public by only allowing specific services or principals to access it" classname="/sqs.tf.aws_sqs_queue.event_queue" file="/sqs.tf"/>
		<testcase name="[NONE][CKV_AWS_130] Ensure VPC subnets do not assign public IP by default" classname="/vpc.tf.aws_subnet.public_a" file="/vpc.tf"/>
		<testcase name="[NONE][CKV_AWS_130] Ensure VPC subnets do not assign public IP by default" classname="/vpc.tf.aws_subnet.public_b" file="/vpc.tf"/>
		<testcase name="[NONE][CKV_AWS_130] Ensure VPC subnets do not assign public IP by default" classname="/vpc.tf.aws_subnet.private_a" file="/vpc.tf"/>
		<testcase name="[NONE][CKV2_AWS_46] Ensure AWS CloudFront Distribution with S3 have Origin Access set to enabled" classname="/cloudfront.tf.aws_cloudfront_distribution.cdn" file="/cloudfront.tf"/>
		<testcase name="[NONE][CKV2_AWS_56] Ensure AWS Managed IAMFullAccess IAM policy is not used." classname="/iam-lambda.tf.aws_iam_role.lambda_exec_role" file="/iam-lambda.tf"/>
		<testcase name="[NONE][CKV2_AWS_56] Ensure AWS Managed IAMFullAccess IAM policy is not used." classname="/iam-lambda.tf.aws_iam_role_policy_attachment.lambda_dynamodb_access" file="/iam-lambda.tf"/>
		<testcase name="[NONE][CKV2_AWS_56] Ensure AWS Managed IAMFullAccess IAM policy is not used." classname="/iam-lambda.tf.aws_iam_role_policy_attachment.lambda_sqs_access" file="/iam-lambda.tf"/>
		<testcase name="[NONE][CKV2_AWS_56] Ensure AWS Managed IAMFullAccess IAM policy is not used." classname="/iam-lambda.tf.aws_iam_role_policy_attachment.lambda_ses_access" file="/iam-lambda.tf"/>
		<testcase name="[NONE][CKV2_AWS_56] Ensure AWS Managed IAMFullAccess IAM policy is not used." classname="/iam-lambda.tf.aws_iam_role_policy_attachment.lambda_kinesis_access" file="/iam-lambda.tf"/>
		<testcase name="[NONE][CKV2_AWS_77] Ensure AWS API Gateway Rest API attached WAFv2 WebACL is configured with AMR for Log4j Vulnerability" classname="/apigateway.tf.aws_api_gateway_stage.api_stage" file="/apigateway.tf"/>
		<testcase name="[NONE][CKV2_AWS_19] Ensure that all EIP addresses allocated to a VPC are attached to EC2 instances" classname="/vpc.tf.aws_eip.nat" file="/vpc.tf"/>
		<testcase name="[NONE][CKV_AWS_57] S3 Bucket has an ACL defined which allows public WRITE access." classname="/s3.tf.aws_s3_bucket.mi_bucket_web" file="/s3.tf"/>
		<testcase name="[NONE][CKV2_AWS_75] Ensure no open CORS policy" classname="/lambda-createEvent.tf.aws_lambda_function.create_event" file="/lambda-createEvent.tf"/>
		<testcase name="[NONE][CKV2_AWS_75] Ensure no open CORS policy" classname="/lambda-kinesis-consumer.tf.aws_lambda_function.kinesis_consumer" file="/lambda-kinesis-consumer.tf"/>
		<testcase name="[NONE][CKV2_AWS_75] Ensure no open CORS policy" classname="/lambda-loginUser.tf.aws_lambda_function.login_user" file="/lambda-loginUser.tf"/>
		<testcase name="[NONE][CKV2_AWS_75] Ensure no open CORS policy" classname="/lambda-registerEvent.tf.aws_lambda_function.register_event" file="/lambda-registerEvent.tf"/>
		<testcase name="[NONE][CKV2_AWS_75] Ensure no open CORS policy" classname="/lambda-sqs-ses.tf.aws_lambda_function.sqs_ses_consumer" file="/lambda-sqs-ses.tf"/>
		<testcase name="[NONE][CKV2_AWS_44] Ensure AWS route table with VPC peering does not contain routes overly permissive to all traffic" classname="/vpc.tf.aws_route_table.public" file="/vpc.tf"/>
		<testcase name="[NONE][CKV2_AWS_44] Ensure AWS route table with VPC peering does not contain routes overly permissive to all traffic" classname="/vpc.tf.aws_route_table.private" file="/vpc.tf"/>
		<testcase name="[NONE][CKV2_AWS_53] Ensure AWS API gateway request is validated" classname="/apigateway.tf.aws_api_gateway_method.login_post" file="/apigateway.tf"/>
		<testcase name="[NONE][CKV2_AWS_53] Ensure AWS API gateway request is validated" classname="/apigateway.tf.aws_api_gateway_method.eventos_post" file="/apigateway.tf"/>
		<testcase name="[NONE][CKV2_AWS_53] Ensure AWS API gateway request is validated" classname="/apigateway.tf.aws_api_gateway_method.post_register_event" file="/apigateway.tf"/>
		<testcase name="[NONE][CKV2_AWS_54] Ensure AWS CloudFront distribution is using secure SSL protocols for HTTPS communication" classname="/cloudfront.tf.aws_cloudfront_distribution.cdn" file="/cloudfront.tf"/>
		<testcase name="[NONE][CKV2_AWS_40] Ensure AWS IAM policy does not allow full IAM privileges" classname="/iam-lambda.tf.aws_iam_policy.lambda_policy" file="/iam-lambda.tf"/>
		<testcase name="[NONE][CKV2_AWS_73] Ensure AWS SQS uses CMK not AWS default keys for encryption" classname="/sqs.tf.aws_sqs_queue.event_queue" file="/sqs.tf"/>
		<testcase name="[NONE][CKV2_AWS_72] Ensure AWS CloudFront origin protocol policy enforces HTTPS-only" classname="/cloudfront.tf.aws_cloudfront_distribution.cdn" file="/cloudfront.tf"/>
		<testcase name="[NONE][CKV_AWS_20] S3 Bucket has an ACL defined which allows public READ access." classname="/s3.tf.aws_s3_bucket.mi_bucket_web" file="/s3.tf"/>
		<testcase name="[NONE][CKV2_AWS_35] AWS NAT Gateways should be utilized for the default route" classname="/vpc.tf.aws_route_table.public" file="/vpc.tf"/>
		<testcase name="[NONE][CKV2_AWS_35] AWS NAT Gateways should be utilized for the default route" classname="/vpc.tf.aws_route_table.private" file="/vpc.tf"/>
		<testcase name="[NONE][CKV2_AWS_16] Ensure that Auto Scaling is enabled on your DynamoDB tables" classname="/lambda-registerEvent.tf.aws_dynamodb_table.tabla_eventos" file="/lambda-registerEvent.tf"/>
		<testcase name="[NONE][CKV2_AWS_5] Ensure that Security Groups are attached to another resource" classname="/rds.tf.aws_security_group.lambda_sg" file="/rds.tf"/>
		<testcase name="[NONE][CKV2_AWS_5] Ensure that Security Groups are attached to another resource" classname="/rds.tf.aws_security_group.rds_sg" file="/rds.tf"/>
		<testcase name="[NONE][CKV2_AWS_69] Ensure AWS RDS database instance configured with encryption in transit" classname="/rds.tf.aws_db_instance.postgres_db" file="/rds.tf"/>
		<testcase name="[NONE][CKV_AWS_19] Ensure all data stored in the S3 bucket is securely encrypted at rest" classname="/s3.tf.aws_s3_bucket.mi_bucket_web" file="/s3.tf"/>
		<testcase name="[NONE][CKV2_AWS_6] Ensure that S3 bucket has a Public Access block" classname="/s3.tf.aws_s3_bucket.mi_bucket_web" file="/s3.tf"/>
		<testcase name="[NONE][CKV_AWS_237] Ensure Create before destroy for API Gateway" classname="/apigateway.tf.aws_api_gateway_rest_api.main" file="/apigateway.tf">
			<failure type="failure" message="Ensure Create before destroy for API Gateway">
Resource: aws_api_gateway_rest_api.main
File: /apigateway.tf: 2-5
Guideline: https://docs.prismacloud.io/en/enterprise-edition/policy-reference/aws-policies/aws-general-policies/ensure-aws-api-gateway-enables-create-before-destroy

		2 | resource &quot;aws_api_gateway_rest_api&quot; &quot;main&quot; {
		3 |   name        = &quot;eventos-api&quot;
		4 |   description = &quot;API para eventos&quot;
		5 | }
</failure>
		</testcase>
		<testcase name="[NONE][CKV_AWS_217] Ensure Create before destroy for API deployments" classname="/apigateway.tf.aws_api_gateway_deployment.api_deployment" file="/apigateway.tf">
			<failure type="failure" message="Ensure Create before destroy for API deployments">
Resource: aws_api_gateway_deployment.api_deployment
File: /apigateway.tf: 86-94
Guideline: https://docs.prismacloud.io/en/enterprise-edition/policy-reference/aws-policies/aws-general-policies/ensure-aws-api-deployments-enable-create-before-destroy

		86 | resource &quot;aws_api_gateway_deployment&quot; &quot;api_deployment&quot; {
		87 |   rest_api_id = aws_api_gateway_rest_api.main.id
		88 |   
		89 |   depends_on = [
		90 |     aws_api_gateway_integration.login_integration,
		91 |     aws_api_gateway_integration.eventos_integration,
		92 |     aws_api_gateway_integration.register_event
		93 |   ]
		94 | }
</failure>
		</testcase>
		<testcase name="[NONE][CKV_AWS_76] Ensure API Gateway has Access Logging enabled" classname="/apigateway.tf.aws_api_gateway_stage.api_stage" file="/apigateway.tf">
			<failure type="failure" message="Ensure API Gateway has Access Logging enabled">
Resource: aws_api_gateway_stage.api_stage
File: /apigateway.tf: 96-103
Guideline: https://docs.prismacloud.io/en/enterprise-edition/policy-reference/aws-policies/aws-logging-policies/logging-17

		96  | resource &quot;aws_api_gateway_stage&quot; &quot;api_stage&quot; {
		97  |   deployment_id = aws_api_gateway_deployment.api_deployment.id
		98  |   rest_api_id   = aws_api_gateway_rest_api.main.id
		99  |   stage_name    = var.environment
		100 | 
		101 |   # Habilitar X-Ray tracing (solución CKV_AWS_73)
		102 |   xray_tracing_enabled = true
		103 | }
</failure>
		</testcase>
		<testcase name="[NONE][CKV_AWS_120] Ensure API Gateway caching is enabled" classname="/apigateway.tf.aws_api_gateway_stage.api_stage" file="/apigateway.tf">
			<failure type="failure" message="Ensure API Gateway caching is enabled">
Resource: aws_api_gateway_stage.api_stage
File: /apigateway.tf: 96-103
Guideline: https://docs.prismacloud.io/en/enterprise-edition/policy-reference/aws-policies/aws-general-policies/ensure-api-gateway-caching-is-enabled

		96  | resource &quot;aws_api_gateway_stage&quot; &quot;api_stage&quot; {
		97  |   deployment_id = aws_api_gateway_deployment.api_deployment.id
		98  |   rest_api_id   = aws_api_gateway_rest_api.main.id
		99  |   stage_name    = var.environment
		100 | 
		101 |   # Habilitar X-Ray tracing (solución CKV_AWS_73)
		102 |   xray_tracing_enabled = true
		103 | }
</failure>
		</testcase>
		<testcase name="[NONE][CKV_AWS_86] Ensure CloudFront distribution has Access Logging enabled" classname="/cloudfront.tf.aws_cloudfront_distribution.cdn" file="/cloudfront.tf">
			<failure type="failure" message="Ensure CloudFront distribution has Access Logging enabled">
Resource: aws_cloudfront_distribution.cdn
File: /cloudfront.tf: 5-52
Guideline: https://docs.prismacloud.io/en/enterprise-edition/policy-reference/aws-policies/aws-logging-policies/logging-20

		5  | resource &quot;aws_cloudfront_distribution&quot; &quot;cdn&quot; {
		6  |   origin {
		7  |     domain_name = aws_s3_bucket.mi_bucket_web.bucket_regional_domain_name
		8  |     origin_id   = &quot;S3Origin&quot;
		9  | 
		10 |     s3_origin_config {
		11 |       origin_access_identity = aws_cloudfront_origin_access_identity.oai.cloudfront_access_identity_path
		12 |     }
		13 |   }
		14 | 
		15 |   enabled             = true
		16 |   is_ipv6_enabled     = true
		17 |   comment             = &quot;CDN for static website&quot;
		18 |   default_root_object = &quot;index.html&quot;
		19 | 
		20 |   default_cache_behavior {
		21 |     allowed_methods  = [&quot;GET&quot;, &quot;HEAD&quot;]
		22 |     cached_methods   = [&quot;GET&quot;, &quot;HEAD&quot;]
		23 |     target_origin_id = &quot;S3Origin&quot;
		24 | 
		25 |     forwarded_values {
		26 |       query_string = false
		27 |       cookies {
		28 |         forward = &quot;none&quot;
		29 |       }
		30 |     }
		31 | 
		32 |     viewer_protocol_policy = &quot;redirect-to-https&quot;
		33 |   }
		34 | 
		35 |   price_class = &quot;PriceClass_100&quot;
		36 | 
		37 |   restrictions {
		38 |     geo_restriction {
		39 |       restriction_type = &quot;none&quot;
		40 |     }
		41 |   }
		42 | 
		43 |   viewer_certificate {
		44 |     cloudfront_default_certificate = true
		45 |   }
		46 | 
		47 |   tags = {
		48 |     Name = &quot;CloudFrontForS3Website&quot;
		49 |   }
		50 | 
		51 |   depends_on = [aws_s3_bucket_policy.bucket_oai_policy]
		52 | }</failure>
		</testcase>
		<testcase name="[NONE][CKV_AWS_374] Ensure AWS CloudFront web distribution has geo restriction enabled" classname="/cloudfront.tf.aws_cloudfront_distribution.cdn" file="/cloudfront.tf">
			<failure type="failure" message="Ensure AWS CloudFront web distribution has geo restriction enabled">
Resource: aws_cloudfront_distribution.cdn
File: /cloudfront.tf: 5-52
Guideline: https://docs.prismacloud.io/en/enterprise-edition/policy-reference/aws-policies/aws-networking-policies/bc-aws-374

		5  | resource &quot;aws_cloudfront_distribution&quot; &quot;cdn&quot; {
		6  |   origin {
		7  |     domain_name = aws_s3_bucket.mi_bucket_web.bucket_regional_domain_name
		8  |     origin_id   = &quot;S3Origin&quot;
		9  | 
		10 |     s3_origin_config {
		11 |       origin_access_identity = aws_cloudfront_origin_access_identity.oai.cloudfront_access_identity_path
		12 |     }
		13 |   }
		14 | 
		15 |   enabled             = true
		16 |   is_ipv6_enabled     = true
		17 |   comment             = &quot;CDN for static website&quot;
		18 |   default_root_object = &quot;index.html&quot;
		19 | 
		20 |   default_cache_behavior {
		21 |     allowed_methods  = [&quot;GET&quot;, &quot;HEAD&quot;]
		22 |     cached_methods   = [&quot;GET&quot;, &quot;HEAD&quot;]
		23 |     target_origin_id = &quot;S3Origin&quot;
		24 | 
		25 |     forwarded_values {
		26 |       query_string = false
		27 |       cookies {
		28 |         forward = &quot;none&quot;
		29 |       }
		30 |     }
		31 | 
		32 |     viewer_protocol_policy = &quot;redirect-to-https&quot;
		33 |   }
		34 | 
		35 |   price_class = &quot;PriceClass_100&quot;
		36 | 
		37 |   restrictions {
		38 |     geo_restriction {
		39 |       restriction_type = &quot;none&quot;
		40 |     }
		41 |   }
		42 | 
		43 |   viewer_certificate {
		44 |     cloudfront_default_certificate = true
		45 |   }
		46 | 
		47 |   tags = {
		48 |     Name = &quot;CloudFrontForS3Website&quot;
		49 |   }
		50 | 
		51 |   depends_on = [aws_s3_bucket_policy.bucket_oai_policy]
		52 | }</failure>
		</testcase>
		<testcase name="[NONE][CKV_AWS_68] CloudFront Distribution should have WAF enabled" classname="/cloudfront.tf.aws_cloudfront_distribution.cdn" file="/cloudfront.tf">
			<failure type="failure" message="CloudFront Distribution should have WAF enabled">
Resource: aws_cloudfront_distribution.cdn
File: /cloudfront.tf: 5-52
Guideline: https://docs.prismacloud.io/en/enterprise-edition/policy-reference/aws-policies/aws-general-policies/bc-aws-general-27

		5  | resource &quot;aws_cloudfront_distribution&quot; &quot;cdn&quot; {
		6  |   origin {
		7  |     domain_name = aws_s3_bucket.mi_bucket_web.bucket_regional_domain_name
		8  |     origin_id   = &quot;S3Origin&quot;
		9  | 
		10 |     s3_origin_config {
		11 |       origin_access_identity = aws_cloudfront_origin_access_identity.oai.cloudfront_access_identity_path
		12 |     }
		13 |   }
		14 | 
		15 |   enabled             = true
		16 |   is_ipv6_enabled     = true
		17 |   comment             = &quot;CDN for static website&quot;
		18 |   default_root_object = &quot;index.html&quot;
		19 | 
		20 |   default_cache_behavior {
		21 |     allowed_methods  = [&quot;GET&quot;, &quot;HEAD&quot;]
		22 |     cached_methods   = [&quot;GET&quot;, &quot;HEAD&quot;]
		23 |     target_origin_id = &quot;S3Origin&quot;
		24 | 
		25 |     forwarded_values {
		26 |       query_string = false
		27 |       cookies {
		28 |         forward = &quot;none&quot;
		29 |       }
		30 |     }
		31 | 
		32 |     viewer_protocol_policy = &quot;redirect-to-https&quot;
		33 |   }
		34 | 
		35 |   price_class = &quot;PriceClass_100&quot;
		36 | 
		37 |   restrictions {
		38 |     geo_restriction {
		39 |       restriction_type = &quot;none&quot;
		40 |     }
		41 |   }
		42 | 
		43 |   viewer_certificate {
		44 |     cloudfront_default_certificate = true
		45 |   }
		46 | 
		47 |   tags = {
		48 |     Name = &quot;CloudFrontForS3Website&quot;
		49 |   }
		50 | 
		51 |   depends_on = [aws_s3_bucket_policy.bucket_oai_policy]
		52 | }</failure>
		</testcase>
		<testcase name="[NONE][CKV_AWS_174] Verify CloudFront Distribution Viewer Certificate is using TLS v1.2" classname="/cloudfront.tf.aws_cloudfront_distribution.cdn" file="/cloudfront.tf">
			<failure type="failure" message="Verify CloudFront Distribution Viewer Certificate is using TLS v1.2">
Resource: aws_cloudfront_distribution.cdn
File: /cloudfront.tf: 5-52
Guideline: https://docs.prismacloud.io/en/enterprise-edition/policy-reference/aws-policies/aws-networking-policies/bc-aws-networking-63

		5  | resource &quot;aws_cloudfront_distribution&quot; &quot;cdn&quot; {
		6  |   origin {
		7  |     domain_name = aws_s3_bucket.mi_bucket_web.bucket_regional_domain_name
		8  |     origin_id   = &quot;S3Origin&quot;
		9  | 
		10 |     s3_origin_config {
		11 |       origin_access_identity = aws_cloudfront_origin_access_identity.oai.cloudfront_access_identity_path
		12 |     }
		13 |   }
		14 | 
		15 |   enabled             = true
		16 |   is_ipv6_enabled     = true
		17 |   comment             = &quot;CDN for static website&quot;
		18 |   default_root_object = &quot;index.html&quot;
		19 | 
		20 |   default_cache_behavior {
		21 |     allowed_methods  = [&quot;GET&quot;, &quot;HEAD&quot;]
		22 |     cached_methods   = [&quot;GET&quot;, &quot;HEAD&quot;]
		23 |     target_origin_id = &quot;S3Origin&quot;
		24 | 
		25 |     forwarded_values {
		26 |       query_string = false
		27 |       cookies {
		28 |         forward = &quot;none&quot;
		29 |       }
		30 |     }
		31 | 
		32 |     viewer_protocol_policy = &quot;redirect-to-https&quot;
		33 |   }
		34 | 
		35 |   price_class = &quot;PriceClass_100&quot;
		36 | 
		37 |   restrictions {
		38 |     geo_restriction {
		39 |       restriction_type = &quot;none&quot;
		40 |     }
		41 |   }
		42 | 
		43 |   viewer_certificate {
		44 |     cloudfront_default_certificate = true
		45 |   }
		46 | 
		47 |   tags = {
		48 |     Name = &quot;CloudFrontForS3Website&quot;
		49 |   }
		50 | 
		51 |   depends_on = [aws_s3_bucket_policy.bucket_oai_policy]
		52 | }</failure>
		</testcase>
		<testcase name="[NONE][CKV_AWS_310] Ensure CloudFront distributions should have origin failover configured" classname="/cloudfront.tf.aws_cloudfront_distribution.cdn" file="/cloudfront.tf">
			<failure type="failure" message="Ensure CloudFront distributions should have origin failover configured">
Resource: aws_cloudfront_distribution.cdn
File: /cloudfront.tf: 5-52
Guideline: https://docs.prismacloud.io/en/enterprise-edition/policy-reference/aws-policies/aws-general-policies/bc-aws-310

		5  | resource &quot;aws_cloudfront_distribution&quot; &quot;cdn&quot; {
		6  |   origin {
		7  |     domain_name = aws_s3_bucket.mi_bucket_web.bucket_regional_domain_name
		8  |     origin_id   = &quot;S3Origin&quot;
		9  | 
		10 |     s3_origin_config {
		11 |       origin_access_identity = aws_cloudfront_origin_access_identity.oai.cloudfront_access_identity_path
		12 |     }
		13 |   }
		14 | 
		15 |   enabled             = true
		16 |   is_ipv6_enabled     = true
		17 |   comment             = &quot;CDN for static website&quot;
		18 |   default_root_object = &quot;index.html&quot;
		19 | 
		20 |   default_cache_behavior {
		21 |     allowed_methods  = [&quot;GET&quot;, &quot;HEAD&quot;]
		22 |     cached_methods   = [&quot;GET&quot;, &quot;HEAD&quot;]
		23 |     target_origin_id = &quot;S3Origin&quot;
		24 | 
		25 |     forwarded_values {
		26 |       query_string = false
		27 |       cookies {
		28 |         forward = &quot;none&quot;
		29 |       }
		30 |     }
		31 | 
		32 |     viewer_protocol_policy = &quot;redirect-to-https&quot;
		33 |   }
		34 | 
		35 |   price_class = &quot;PriceClass_100&quot;
		36 | 
		37 |   restrictions {
		38 |     geo_restriction {
		39 |       restriction_type = &quot;none&quot;
		40 |     }
		41 |   }
		42 | 
		43 |   viewer_certificate {
		44 |     cloudfront_default_certificate = true
		45 |   }
		46 | 
		47 |   tags = {
		48 |     Name = &quot;CloudFrontForS3Website&quot;
		49 |   }
		50 | 
		51 |   depends_on = [aws_s3_bucket_policy.bucket_oai_policy]
		52 | }</failure>
		</testcase>
		<testcase name="[NONE][CKV_AWS_186] Ensure S3 bucket Object is encrypted by KMS using a customer managed Key (CMK)" classname="/frontend.tf.aws_s3_bucket_object.frontend_files" file="/frontend.tf">
			<failure type="failure" message="Ensure S3 bucket Object is encrypted by KMS using a customer managed Key (CMK)">
Resource: aws_s3_bucket_object.frontend_files
File: /frontend.tf: 1-18
Guideline: https://docs.prismacloud.io/en/enterprise-edition/policy-reference/aws-policies/aws-general-policies/bc-aws-general-106

		1  | resource &quot;aws_s3_bucket_object&quot; &quot;frontend_files&quot; {
		2  |   for_each = fileset(&quot;${path.module}/../frontend&quot;, &quot;*/&quot;)
		3  | 
		4  |   bucket = aws_s3_bucket.mi_bucket_web.bucket
		5  |   key    = each.value
		6  |   source = &quot;${path.module}/../frontend/${each.value}&quot;
		7  |   etag   = filemd5(&quot;${path.module}/../frontend/${each.value}&quot;)
		8  |   content_type = lookup({
		9  |     html = &quot;text/html&quot;
		10 |     js   = &quot;application/javascript&quot;
		11 |     css  = &quot;text/css&quot;
		12 |     png  = &quot;image/png&quot;
		13 |     jpg  = &quot;image/jpeg&quot;
		14 |     jpeg = &quot;image/jpeg&quot;
		15 |     webp = &quot;image/webp&quot;
		16 |     ico  = &quot;image/x-icon&quot;
		17 |   }, split(&quot;.&quot;, each.value)[length(split(&quot;.&quot;, each.value)) - 1], &quot;application/octet-stream&quot;)
		18 | }
</failure>
		</testcase>
		<testcase name="[NONE][CKV_AWS_290] Ensure IAM policies does not allow write access without constraints" classname="/iam-lambda.tf.aws_iam_policy.lambda_policy" file="/iam-lambda.tf">
			<failure type="failure" message="Ensure IAM policies does not allow write access without constraints">
Resource: aws_iam_policy.lambda_policy
File: /iam-lambda.tf: 19-50
Guideline: https://docs.prismacloud.io/en/enterprise-edition/policy-reference/aws-policies/aws-iam-policies/bc-aws-290

		19 | resource &quot;aws_iam_policy&quot; &quot;lambda_policy&quot; {
		20 |   name = &quot;lambda_policy&quot;
		21 | 
		22 |   policy = jsonencode({
		23 |     Version = &quot;2012-10-17&quot;
		24 |     Statement = [
		25 |       {
		26 |         Effect = &quot;Allow&quot;
		27 |         Action = [
		28 |           &quot;logs:CreateLogGroup&quot;,
		29 |           &quot;logs:CreateLogStream&quot;,
		30 |           &quot;logs:PutLogEvents&quot;
		31 |         ]
		32 |         Resource = &quot;arn:aws:logs:*:*:*&quot;
		33 |       },
		34 |       {
		35 |         Effect = &quot;Allow&quot;
		36 |         Action = [
		37 |           &quot;ec2:CreateNetworkInterface&quot;,
		38 |           &quot;ec2:DescribeNetworkInterfaces&quot;,
		39 |           &quot;ec2:DeleteNetworkInterface&quot;
		40 |         ]
		41 |         Resource = &quot;*&quot;
		42 |       },
		43 |       {
		44 |         Effect = &quot;Allow&quot;
		45 |         Action = [&quot;rds-db:connect&quot;]
		46 |         Resource = aws_db_instance.postgres_db.arn
		47 |       }
		48 |     ]
		49 |   })
		50 | }
</failure>
		</testcase>
		<testcase name="[NONE][CKV_AWS_355] Ensure no IAM policies documents allow &quot;*&quot; as a statement's resource for restrictable actions" classname="/iam-lambda.tf.aws_iam_policy.lambda_policy" file="/iam-lambda.tf">
			<failure type="failure" message="Ensure no IAM policies documents allow &quot;*&quot; as a statement's resource for restrictable actions">
Resource: aws_iam_policy.lambda_policy
File: /iam-lambda.tf: 19-50
Guideline: https://docs.prismacloud.io/en/enterprise-edition/policy-reference/aws-policies/aws-iam-policies/bc-aws-355

		19 | resource &quot;aws_iam_policy&quot; &quot;lambda_policy&quot; {
		20 |   name = &quot;lambda_policy&quot;
		21 | 
		22 |   policy = jsonencode({
		23 |     Version = &quot;2012-10-17&quot;
		24 |     Statement = [
		25 |       {
		26 |         Effect = &quot;Allow&quot;
		27 |         Action = [
		28 |           &quot;logs:CreateLogGroup&quot;,
		29 |           &quot;logs:CreateLogStream&quot;,
		30 |           &quot;logs:PutLogEvents&quot;
		31 |         ]
		32 |         Resource = &quot;arn:aws:logs:*:*:*&quot;
		33 |       },
		34 |       {
		35 |         Effect = &quot;Allow&quot;
		36 |         Action = [
		37 |           &quot;ec2:CreateNetworkInterface&quot;,
		38 |           &quot;ec2:DescribeNetworkInterfaces&quot;,
		39 |           &quot;ec2:DeleteNetworkInterface&quot;
		40 |         ]
		41 |         Resource = &quot;*&quot;
		42 |       },
		43 |       {
		44 |         Effect = &quot;Allow&quot;
		45 |         Action = [&quot;rds-db:connect&quot;]
		46 |         Resource = aws_db_instance.postgres_db.arn
		47 |       }
		48 |     ]
		49 |   })
		50 | }
</failure>
		</testcase>
		<testcase name="[NONE][CKV_AWS_173] Check encryption settings for Lambda environmental variable" classname="/lambda-createEvent.tf.aws_lambda_function.create_event" file="/lambda-createEvent.tf">
			<failure type="failure" message="Check encryption settings for Lambda environmental variable">
Resource: aws_lambda_function.create_event
File: /lambda-createEvent.tf: 8-34
Guideline: https://docs.prismacloud.io/en/enterprise-edition/policy-reference/aws-policies/aws-serverless-policies/bc-aws-serverless-5

		8  | resource &quot;aws_lambda_function&quot; &quot;create_event&quot; {
		9  |   function_name    = var.lambda_function_name_create_event
		10 |   filename         = data.archive_file.lambda_create_event.output_path
		11 |   source_code_hash = data.archive_file.lambda_create_event.output_base64sha256
		12 |   handler          = &quot;index.handler&quot;
		13 |   runtime          = &quot;nodejs16.x&quot;
		14 |   role             = aws_iam_role.lambda_exec_role.arn
		15 |   
		16 |   vpc_config {
		17 |     subnet_ids         = [aws_subnet.private_a.id]
		18 |     security_group_ids = [aws_security_group.lambda_sg.id]
		19 |   }
		20 | 
		21 |   environment {
		22 |     variables = {
		23 |       STAGE     = var.environment
		24 |       DB_HOST   = aws_db_instance.postgres_db.endpoint
		25 |       DB_NAME   = aws_db_instance.postgres_db.db_name
		26 |       DB_USER   = var.db_username
		27 |       DB_PASS   = var.db_password
		28 |     }
		29 |   }
		30 | 
		31 |   tracing_config {
		32 |     mode = &quot;Active&quot;
		33 |   }
		34 | }
</failure>
		</testcase>
		<testcase name="[NONE][CKV_AWS_116] Ensure that AWS Lambda function is configured for a Dead Letter Queue(DLQ)" classname="/lambda-createEvent.tf.aws_lambda_function.create_event" file="/lambda-createEvent.tf">
			<failure type="failure" message="Ensure that AWS Lambda function is configured for a Dead Letter Queue(DLQ)">
Resource: aws_lambda_function.create_event
File: /lambda-createEvent.tf: 8-34
Guideline: https://docs.prismacloud.io/en/enterprise-edition/policy-reference/aws-policies/aws-general-policies/ensure-that-aws-lambda-function-is-configured-for-a-dead-letter-queue-dlq

		8  | resource &quot;aws_lambda_function&quot; &quot;create_event&quot; {
		9  |   function_name    = var.lambda_function_name_create_event
		10 |   filename         = data.archive_file.lambda_create_event.output_path
		11 |   source_code_hash = data.archive_file.lambda_create_event.output_base64sha256
		12 |   handler          = &quot;index.handler&quot;
		13 |   runtime          = &quot;nodejs16.x&quot;
		14 |   role             = aws_iam_role.lambda_exec_role.arn
		15 |   
		16 |   vpc_config {
		17 |     subnet_ids         = [aws_subnet.private_a.id]
		18 |     security_group_ids = [aws_security_group.lambda_sg.id]
		19 |   }
		20 | 
		21 |   environment {
		22 |     variables = {
		23 |       STAGE     = var.environment
		24 |       DB_HOST   = aws_db_instance.postgres_db.endpoint
		25 |       DB_NAME   = aws_db_instance.postgres_db.db_name
		26 |       DB_USER   = var.db_username
		27 |       DB_PASS   = var.db_password
		28 |     }
		29 |   }
		30 | 
		31 |   tracing_config {
		32 |     mode = &quot;Active&quot;
		33 |   }
		34 | }
</failure>
		</testcase>
		<testcase name="[NONE][CKV_AWS_115] Ensure that AWS Lambda function is configured for function-level concurrent execution limit" classname="/lambda-createEvent.tf.aws_lambda_function.create_event" file="/lambda-createEvent.tf">
			<failure type="failure" message="Ensure that AWS Lambda function is configured for function-level concurrent execution limit">
Resource: aws_lambda_function.create_event
File: /lambda-createEvent.tf: 8-34
Guideline: https://docs.prismacloud.io/en/enterprise-edition/policy-reference/aws-policies/aws-general-policies/ensure-that-aws-lambda-function-is-configured-for-function-level-concurrent-execution-limit

		8  | resource &quot;aws_lambda_function&quot; &quot;create_event&quot; {
		9  |   function_name    = var.lambda_function_name_create_event
		10 |   filename         = data.archive_file.lambda_create_event.output_path
		11 |   source_code_hash = data.archive_file.lambda_create_event.output_base64sha256
		12 |   handler          = &quot;index.handler&quot;
		13 |   runtime          = &quot;nodejs16.x&quot;
		14 |   role             = aws_iam_role.lambda_exec_role.arn
		15 |   
		16 |   vpc_config {
		17 |     subnet_ids         = [aws_subnet.private_a.id]
		18 |     security_group_ids = [aws_security_group.lambda_sg.id]
		19 |   }
		20 | 
		21 |   environment {
		22 |     variables = {
		23 |       STAGE     = var.environment
		24 |       DB_HOST   = aws_db_instance.postgres_db.endpoint
		25 |       DB_NAME   = aws_db_instance.postgres_db.db_name
		26 |       DB_USER   = var.db_username
		27 |       DB_PASS   = var.db_password
		28 |     }
		29 |   }
		30 | 
		31 |   tracing_config {
		32 |     mode = &quot;Active&quot;
		33 |   }
		34 | }
</failure>
		</testcase>
		<testcase name="[NONE][CKV_AWS_363] Ensure Lambda Runtime is not deprecated" classname="/lambda-createEvent.tf.aws_lambda_function.create_event" file="/lambda-createEvent.tf">
			<failure type="failure" message="Ensure Lambda Runtime is not deprecated">
Resource: aws_lambda_function.create_event
File: /lambda-createEvent.tf: 8-34
Guideline: https://docs.prismacloud.io/en/enterprise-edition/policy-reference/aws-policies/aws-general-policies/bc-aws-363

		8  | resource &quot;aws_lambda_function&quot; &quot;create_event&quot; {
		9  |   function_name    = var.lambda_function_name_create_event
		10 |   filename         = data.archive_file.lambda_create_event.output_path
		11 |   source_code_hash = data.archive_file.lambda_create_event.output_base64sha256
		12 |   handler          = &quot;index.handler&quot;
		13 |   runtime          = &quot;nodejs16.x&quot;
		14 |   role             = aws_iam_role.lambda_exec_role.arn
		15 |   
		16 |   vpc_config {
		17 |     subnet_ids         = [aws_subnet.private_a.id]
		18 |     security_group_ids = [aws_security_group.lambda_sg.id]
		19 |   }
		20 | 
		21 |   environment {
		22 |     variables = {
		23 |       STAGE     = var.environment
		24 |       DB_HOST   = aws_db_instance.postgres_db.endpoint
		25 |       DB_NAME   = aws_db_instance.postgres_db.db_name
		26 |       DB_USER   = var.db_username
		27 |       DB_PASS   = var.db_password
		28 |     }
		29 |   }
		30 | 
		31 |   tracing_config {
		32 |     mode = &quot;Active&quot;
		33 |   }
		34 | }
</failure>
		</testcase>
		<testcase name="[NONE][CKV_AWS_272] Ensure AWS Lambda function is configured to validate code-signing" classname="/lambda-createEvent.tf.aws_lambda_function.create_event" file="/lambda-createEvent.tf">
			<failure type="failure" message="Ensure AWS Lambda function is configured to validate code-signing">
Resource: aws_lambda_function.create_event
File: /lambda-createEvent.tf: 8-34
Guideline: https://docs.prismacloud.io/en/enterprise-edition/policy-reference/aws-policies/aws-general-policies/bc-aws-272

		8  | resource &quot;aws_lambda_function&quot; &quot;create_event&quot; {
		9  |   function_name    = var.lambda_function_name_create_event
		10 |   filename         = data.archive_file.lambda_create_event.output_path
		11 |   source_code_hash = data.archive_file.lambda_create_event.output_base64sha256
		12 |   handler          = &quot;index.handler&quot;
		13 |   runtime          = &quot;nodejs16.x&quot;
		14 |   role             = aws_iam_role.lambda_exec_role.arn
		15 |   
		16 |   vpc_config {
		17 |     subnet_ids         = [aws_subnet.private_a.id]
		18 |     security_group_ids = [aws_security_group.lambda_sg.id]
		19 |   }
		20 | 
		21 |   environment {
		22 |     variables = {
		23 |       STAGE     = var.environment
		24 |       DB_HOST   = aws_db_instance.postgres_db.endpoint
		25 |       DB_NAME   = aws_db_instance.postgres_db.db_name
		26 |       DB_USER   = var.db_username
		27 |       DB_PASS   = var.db_password
		28 |     }
		29 |   }
		30 | 
		31 |   tracing_config {
		32 |     mode = &quot;Active&quot;
		33 |   }
		34 | }
</failure>
		</testcase>
		<testcase name="[NONE][CKV_AWS_117] Ensure that AWS Lambda function is configured inside a VPC" classname="/lambda-kinesis-consumer.tf.aws_lambda_function.kinesis_consumer" file="/lambda-kinesis-consumer.tf">
			<failure type="failure" message="Ensure that AWS Lambda function is configured inside a VPC">
Resource: aws_lambda_function.kinesis_consumer
File: /lambda-kinesis-consumer.tf: 1-17
Guideline: https://docs.prismacloud.io/en/enterprise-edition/policy-reference/aws-policies/aws-general-policies/ensure-that-aws-lambda-function-is-configured-inside-a-vpc-1

		1  | resource &quot;aws_lambda_function&quot; &quot;kinesis_consumer&quot; {
		2  |   function_name    = &quot;lambda-kinesis-consumer&quot;
		3  |   filename         = &quot;${path.module}/bin/kinesisConsumer.zip&quot;
		4  |   source_code_hash = filebase64sha256(&quot;${path.module}/bin/kinesisConsumer.zip&quot;)
		5  |   handler          = &quot;index.handler&quot;
		6  |   runtime          = &quot;nodejs18.x&quot;  # Cambiado para evitar runtime obsoleto
		7  |   role             = aws_iam_role.lambda_exec_role.arn
		8  | 
		9  |   environment {
		10 |     variables = {
		11 |       STAGE = &quot;dev&quot;
		12 |     }
		13 |   }
		14 | 
		15 |   # Añadido para validar firma de código
		16 |   code_signing_config_arn = aws_lambda_code_signing_config.kinesis_code_signing.arn
		17 | }
</failure>
		</testcase>
		<testcase name="[NONE][CKV_AWS_173] Check encryption settings for Lambda environmental variable" classname="/lambda-kinesis-consumer.tf.aws_lambda_function.kinesis_consumer" file="/lambda-kinesis-consumer.tf">
			<failure type="failure" message="Check encryption settings for Lambda environmental variable">
Resource: aws_lambda_function.kinesis_consumer
File: /lambda-kinesis-consumer.tf: 1-17
Guideline: https://docs.prismacloud.io/en/enterprise-edition/policy-reference/aws-policies/aws-serverless-policies/bc-aws-serverless-5

		1  | resource &quot;aws_lambda_function&quot; &quot;kinesis_consumer&quot; {
		2  |   function_name    = &quot;lambda-kinesis-consumer&quot;
		3  |   filename         = &quot;${path.module}/bin/kinesisConsumer.zip&quot;
		4  |   source_code_hash = filebase64sha256(&quot;${path.module}/bin/kinesisConsumer.zip&quot;)
		5  |   handler          = &quot;index.handler&quot;
		6  |   runtime          = &quot;nodejs18.x&quot;  # Cambiado para evitar runtime obsoleto
		7  |   role             = aws_iam_role.lambda_exec_role.arn
		8  | 
		9  |   environment {
		10 |     variables = {
		11 |       STAGE = &quot;dev&quot;
		12 |     }
		13 |   }
		14 | 
		15 |   # Añadido para validar firma de código
		16 |   code_signing_config_arn = aws_lambda_code_signing_config.kinesis_code_signing.arn
		17 | }
</failure>
		</testcase>
		<testcase name="[NONE][CKV_AWS_116] Ensure that AWS Lambda function is configured for a Dead Letter Queue(DLQ)" classname="/lambda-kinesis-consumer.tf.aws_lambda_function.kinesis_consumer" file="/lambda-kinesis-consumer.tf">
			<failure type="failure" message="Ensure that AWS Lambda function is configured for a Dead Letter Queue(DLQ)">
Resource: aws_lambda_function.kinesis_consumer
File: /lambda-kinesis-consumer.tf: 1-17
Guideline: https://docs.prismacloud.io/en/enterprise-edition/policy-reference/aws-policies/aws-general-policies/ensure-that-aws-lambda-function-is-configured-for-a-dead-letter-queue-dlq

		1  | resource &quot;aws_lambda_function&quot; &quot;kinesis_consumer&quot; {
		2  |   function_name    = &quot;lambda-kinesis-consumer&quot;
		3  |   filename         = &quot;${path.module}/bin/kinesisConsumer.zip&quot;
		4  |   source_code_hash = filebase64sha256(&quot;${path.module}/bin/kinesisConsumer.zip&quot;)
		5  |   handler          = &quot;index.handler&quot;
		6  |   runtime          = &quot;nodejs18.x&quot;  # Cambiado para evitar runtime obsoleto
		7  |   role             = aws_iam_role.lambda_exec_role.arn
		8  | 
		9  |   environment {
		10 |     variables = {
		11 |       STAGE = &quot;dev&quot;
		12 |     }
		13 |   }
		14 | 
		15 |   # Añadido para validar firma de código
		16 |   code_signing_config_arn = aws_lambda_code_signing_config.kinesis_code_signing.arn
		17 | }
</failure>
		</testcase>
		<testcase name="[NONE][CKV_AWS_115] Ensure that AWS Lambda function is configured for function-level concurrent execution limit" classname="/lambda-kinesis-consumer.tf.aws_lambda_function.kinesis_consumer" file="/lambda-kinesis-consumer.tf">
			<failure type="failure" message="Ensure that AWS Lambda function is configured for function-level concurrent execution limit">
Resource: aws_lambda_function.kinesis_consumer
File: /lambda-kinesis-consumer.tf: 1-17
Guideline: https://docs.prismacloud.io/en/enterprise-edition/policy-reference/aws-policies/aws-general-policies/ensure-that-aws-lambda-function-is-configured-for-function-level-concurrent-execution-limit

		1  | resource &quot;aws_lambda_function&quot; &quot;kinesis_consumer&quot; {
		2  |   function_name    = &quot;lambda-kinesis-consumer&quot;
		3  |   filename         = &quot;${path.module}/bin/kinesisConsumer.zip&quot;
		4  |   source_code_hash = filebase64sha256(&quot;${path.module}/bin/kinesisConsumer.zip&quot;)
		5  |   handler          = &quot;index.handler&quot;
		6  |   runtime          = &quot;nodejs18.x&quot;  # Cambiado para evitar runtime obsoleto
		7  |   role             = aws_iam_role.lambda_exec_role.arn
		8  | 
		9  |   environment {
		10 |     variables = {
		11 |       STAGE = &quot;dev&quot;
		12 |     }
		13 |   }
		14 | 
		15 |   # Añadido para validar firma de código
		16 |   code_signing_config_arn = aws_lambda_code_signing_config.kinesis_code_signing.arn
		17 | }
</failure>
		</testcase>
		<testcase name="[NONE][CKV_AWS_50] X-Ray tracing is enabled for Lambda" classname="/lambda-kinesis-consumer.tf.aws_lambda_function.kinesis_consumer" file="/lambda-kinesis-consumer.tf">
			<failure type="failure" message="X-Ray tracing is enabled for Lambda">
Resource: aws_lambda_function.kinesis_consumer
File: /lambda-kinesis-consumer.tf: 1-17
Guideline: https://docs.prismacloud.io/en/enterprise-edition/policy-reference/aws-policies/aws-serverless-policies/bc-aws-serverless-4

		1  | resource &quot;aws_lambda_function&quot; &quot;kinesis_consumer&quot; {
		2  |   function_name    = &quot;lambda-kinesis-consumer&quot;
		3  |   filename         = &quot;${path.module}/bin/kinesisConsumer.zip&quot;
		4  |   source_code_hash = filebase64sha256(&quot;${path.module}/bin/kinesisConsumer.zip&quot;)
		5  |   handler          = &quot;index.handler&quot;
		6  |   runtime          = &quot;nodejs18.x&quot;  # Cambiado para evitar runtime obsoleto
		7  |   role             = aws_iam_role.lambda_exec_role.arn
		8  | 
		9  |   environment {
		10 |     variables = {
		11 |       STAGE = &quot;dev&quot;
		12 |     }
		13 |   }
		14 | 
		15 |   # Añadido para validar firma de código
		16 |   code_signing_config_arn = aws_lambda_code_signing_config.kinesis_code_signing.arn
		17 | }
</failure>
		</testcase>
		<testcase name="[NONE][CKV_AWS_173] Check encryption settings for Lambda environmental variable" classname="/lambda-loginUser.tf.aws_lambda_function.login_user" file="/lambda-loginUser.tf">
			<failure type="failure" message="Check encryption settings for Lambda environmental variable">
Resource: aws_lambda_function.login_user
File: /lambda-loginUser.tf: 11-39
Guideline: https://docs.prismacloud.io/en/enterprise-edition/policy-reference/aws-policies/aws-serverless-policies/bc-aws-serverless-5

		11 | resource &quot;aws_lambda_function&quot; &quot;login_user&quot; {
		12 |   filename         = data.archive_file.lambda_login_user.output_path  
		13 |   function_name    = &quot;lambda-login-user&quot;    
		14 |   role             = aws_iam_role.lambda_exec_role.arn  
		15 |   handler          = &quot;index.handler&quot;        
		16 |   runtime          = &quot;nodejs16.x&quot;         
		17 |   
		18 |   # Hash del código fuente para detectar cambios
		19 |   source_code_hash = data.archive_file.lambda_login_user.output_base64sha256
		20 |   
		21 |   # Configuración de red VPC para acceder a RDS
		22 |   vpc_config {
		23 |     subnet_ids         = [aws_subnet.public_a.id, aws_subnet.public_b.id]
		24 |     security_group_ids = [aws_security_group.lambda_sg.id]  
		25 |   }
		26 | 
		27 |   # Variables de entorno para la conexión a la base de datos
		28 |   environment {
		29 |     variables = {
		30 |       DB_HOST = aws_db_instance.postgres_db.endpoint  # Endpoint de RDS
		31 |       DB_NAME = aws_db_instance.postgres_db.db_name   # Nombre de la base de datos
		32 |       DB_USER = var.db_username                       # Usuario de la base de datos
		33 |       DB_PASS = var.db_password                       # Contraseña de la base de datos
		34 |     }
		35 |   }
		36 | 
		37 |   # Límite de concurrencia por función (solución CKV_AWS_115)
		38 |   reserved_concurrent_executions = 5
		39 | }
</failure>
		</testcase>
		<testcase name="[NONE][CKV_AWS_116] Ensure that AWS Lambda function is configured for a Dead Letter Queue(DLQ)" classname="/lambda-loginUser.tf.aws_lambda_function.login_user" file="/lambda-loginUser.tf">
			<failure type="failure" message="Ensure that AWS Lambda function is configured for a Dead Letter Queue(DLQ)">
Resource: aws_lambda_function.login_user
File: /lambda-loginUser.tf: 11-39
Guideline: https://docs.prismacloud.io/en/enterprise-edition/policy-reference/aws-policies/aws-general-policies/ensure-that-aws-lambda-function-is-configured-for-a-dead-letter-queue-dlq

		11 | resource &quot;aws_lambda_function&quot; &quot;login_user&quot; {
		12 |   filename         = data.archive_file.lambda_login_user.output_path  
		13 |   function_name    = &quot;lambda-login-user&quot;    
		14 |   role             = aws_iam_role.lambda_exec_role.arn  
		15 |   handler          = &quot;index.handler&quot;        
		16 |   runtime          = &quot;nodejs16.x&quot;         
		17 |   
		18 |   # Hash del código fuente para detectar cambios
		19 |   source_code_hash = data.archive_file.lambda_login_user.output_base64sha256
		20 |   
		21 |   # Configuración de red VPC para acceder a RDS
		22 |   vpc_config {
		23 |     subnet_ids         = [aws_subnet.public_a.id, aws_subnet.public_b.id]
		24 |     security_group_ids = [aws_security_group.lambda_sg.id]  
		25 |   }
		26 | 
		27 |   # Variables de entorno para la conexión a la base de datos
		28 |   environment {
		29 |     variables = {
		30 |       DB_HOST = aws_db_instance.postgres_db.endpoint  # Endpoint de RDS
		31 |       DB_NAME = aws_db_instance.postgres_db.db_name   # Nombre de la base de datos
		32 |       DB_USER = var.db_username                       # Usuario de la base de datos
		33 |       DB_PASS = var.db_password                       # Contraseña de la base de datos
		34 |     }
		35 |   }
		36 | 
		37 |   # Límite de concurrencia por función (solución CKV_AWS_115)
		38 |   reserved_concurrent_executions = 5
		39 | }
</failure>
		</testcase>
		<testcase name="[NONE][CKV_AWS_50] X-Ray tracing is enabled for Lambda" classname="/lambda-loginUser.tf.aws_lambda_function.login_user" file="/lambda-loginUser.tf">
			<failure type="failure" message="X-Ray tracing is enabled for Lambda">
Resource: aws_lambda_function.login_user
File: /lambda-loginUser.tf: 11-39
Guideline: https://docs.prismacloud.io/en/enterprise-edition/policy-reference/aws-policies/aws-serverless-policies/bc-aws-serverless-4

		11 | resource &quot;aws_lambda_function&quot; &quot;login_user&quot; {
		12 |   filename         = data.archive_file.lambda_login_user.output_path  
		13 |   function_name    = &quot;lambda-login-user&quot;    
		14 |   role             = aws_iam_role.lambda_exec_role.arn  
		15 |   handler          = &quot;index.handler&quot;        
		16 |   runtime          = &quot;nodejs16.x&quot;         
		17 |   
		18 |   # Hash del código fuente para detectar cambios
		19 |   source_code_hash = data.archive_file.lambda_login_user.output_base64sha256
		20 |   
		21 |   # Configuración de red VPC para acceder a RDS
		22 |   vpc_config {
		23 |     subnet_ids         = [aws_subnet.public_a.id, aws_subnet.public_b.id]
		24 |     security_group_ids = [aws_security_group.lambda_sg.id]  
		25 |   }
		26 | 
		27 |   # Variables de entorno para la conexión a la base de datos
		28 |   environment {
		29 |     variables = {
		30 |       DB_HOST = aws_db_instance.postgres_db.endpoint  # Endpoint de RDS
		31 |       DB_NAME = aws_db_instance.postgres_db.db_name   # Nombre de la base de datos
		32 |       DB_USER = var.db_username                       # Usuario de la base de datos
		33 |       DB_PASS = var.db_password                       # Contraseña de la base de datos
		34 |     }
		35 |   }
		36 | 
		37 |   # Límite de concurrencia por función (solución CKV_AWS_115)
		38 |   reserved_concurrent_executions = 5
		39 | }
</failure>
		</testcase>
		<testcase name="[NONE][CKV_AWS_363] Ensure Lambda Runtime is not deprecated" classname="/lambda-loginUser.tf.aws_lambda_function.login_user" file="/lambda-loginUser.tf">
			<failure type="failure" message="Ensure Lambda Runtime is not deprecated">
Resource: aws_lambda_function.login_user
File: /lambda-loginUser.tf: 11-39
Guideline: https://docs.prismacloud.io/en/enterprise-edition/policy-reference/aws-policies/aws-general-policies/bc-aws-363

		11 | resource &quot;aws_lambda_function&quot; &quot;login_user&quot; {
		12 |   filename         = data.archive_file.lambda_login_user.output_path  
		13 |   function_name    = &quot;lambda-login-user&quot;    
		14 |   role             = aws_iam_role.lambda_exec_role.arn  
		15 |   handler          = &quot;index.handler&quot;        
		16 |   runtime          = &quot;nodejs16.x&quot;         
		17 |   
		18 |   # Hash del código fuente para detectar cambios
		19 |   source_code_hash = data.archive_file.lambda_login_user.output_base64sha256
		20 |   
		21 |   # Configuración de red VPC para acceder a RDS
		22 |   vpc_config {
		23 |     subnet_ids         = [aws_subnet.public_a.id, aws_subnet.public_b.id]
		24 |     security_group_ids = [aws_security_group.lambda_sg.id]  
		25 |   }
		26 | 
		27 |   # Variables de entorno para la conexión a la base de datos
		28 |   environment {
		29 |     variables = {
		30 |       DB_HOST = aws_db_instance.postgres_db.endpoint  # Endpoint de RDS
		31 |       DB_NAME = aws_db_instance.postgres_db.db_name   # Nombre de la base de datos
		32 |       DB_USER = var.db_username                       # Usuario de la base de datos
		33 |       DB_PASS = var.db_password                       # Contraseña de la base de datos
		34 |     }
		35 |   }
		36 | 
		37 |   # Límite de concurrencia por función (solución CKV_AWS_115)
		38 |   reserved_concurrent_executions = 5
		39 | }
</failure>
		</testcase>
		<testcase name="[NONE][CKV_AWS_272] Ensure AWS Lambda function is configured to validate code-signing" classname="/lambda-loginUser.tf.aws_lambda_function.login_user" file="/lambda-loginUser.tf">
			<failure type="failure" message="Ensure AWS Lambda function is configured to validate code-signing">
Resource: aws_lambda_function.login_user
File: /lambda-loginUser.tf: 11-39
Guideline: https://docs.prismacloud.io/en/enterprise-edition/policy-reference/aws-policies/aws-general-policies/bc-aws-272

		11 | resource &quot;aws_lambda_function&quot; &quot;login_user&quot; {
		12 |   filename         = data.archive_file.lambda_login_user.output_path  
		13 |   function_name    = &quot;lambda-login-user&quot;    
		14 |   role             = aws_iam_role.lambda_exec_role.arn  
		15 |   handler          = &quot;index.handler&quot;        
		16 |   runtime          = &quot;nodejs16.x&quot;         
		17 |   
		18 |   # Hash del código fuente para detectar cambios
		19 |   source_code_hash = data.archive_file.lambda_login_user.output_base64sha256
		20 |   
		21 |   # Configuración de red VPC para acceder a RDS
		22 |   vpc_config {
		23 |     subnet_ids         = [aws_subnet.public_a.id, aws_subnet.public_b.id]
		24 |     security_group_ids = [aws_security_group.lambda_sg.id]  
		25 |   }
		26 | 
		27 |   # Variables de entorno para la conexión a la base de datos
		28 |   environment {
		29 |     variables = {
		30 |       DB_HOST = aws_db_instance.postgres_db.endpoint  # Endpoint de RDS
		31 |       DB_NAME = aws_db_instance.postgres_db.db_name   # Nombre de la base de datos
		32 |       DB_USER = var.db_username                       # Usuario de la base de datos
		33 |       DB_PASS = var.db_password                       # Contraseña de la base de datos
		34 |     }
		35 |   }
		36 | 
		37 |   # Límite de concurrencia por función (solución CKV_AWS_115)
		38 |   reserved_concurrent_executions = 5
		39 | }
</failure>
		</testcase>
		<testcase name="[NONE][CKV_AWS_119] Ensure DynamoDB Tables are encrypted using a KMS Customer Managed CMK" classname="/lambda-registerEvent.tf.aws_dynamodb_table.tabla_eventos" file="/lambda-registerEvent.tf">
			<failure type="failure" message="Ensure DynamoDB Tables are encrypted using a KMS Customer Managed CMK">
Resource: aws_dynamodb_table.tabla_eventos
File: /lambda-registerEvent.tf: 1-10
Guideline: https://docs.prismacloud.io/en/enterprise-edition/policy-reference/aws-policies/aws-general-policies/bc-aws-52

		1  | resource &quot;aws_dynamodb_table&quot; &quot;tabla_eventos&quot; {
		2  |   name         = &quot;tabla_eventos&quot;
		3  |   billing_mode = &quot;PAY_PER_REQUEST&quot;
		4  |   hash_key     = &quot;id&quot;
		5  | 
		6  |   attribute {
		7  |     name = &quot;id&quot;
		8  |     type = &quot;S&quot;
		9  |   }
		10 | }
</failure>
		</testcase>
		<testcase name="[NONE][CKV_AWS_28] Ensure DynamoDB point in time recovery (backup) is enabled" classname="/lambda-registerEvent.tf.aws_dynamodb_table.tabla_eventos" file="/lambda-registerEvent.tf">
			<failure type="failure" message="Ensure DynamoDB point in time recovery (backup) is enabled">
Resource: aws_dynamodb_table.tabla_eventos
File: /lambda-registerEvent.tf: 1-10
Guideline: https://docs.prismacloud.io/en/enterprise-edition/policy-reference/aws-policies/aws-general-policies/general-6

		1  | resource &quot;aws_dynamodb_table&quot; &quot;tabla_eventos&quot; {
		2  |   name         = &quot;tabla_eventos&quot;
		3  |   billing_mode = &quot;PAY_PER_REQUEST&quot;
		4  |   hash_key     = &quot;id&quot;
		5  | 
		6  |   attribute {
		7  |     name = &quot;id&quot;
		8  |     type = &quot;S&quot;
		9  |   }
		10 | }
</failure>
		</testcase>
		<testcase name="[NONE][CKV_AWS_173] Check encryption settings for Lambda environmental variable" classname="/lambda-registerEvent.tf.aws_lambda_function.register_event" file="/lambda-registerEvent.tf">
			<failure type="failure" message="Check encryption settings for Lambda environmental variable">
Resource: aws_lambda_function.register_event
File: /lambda-registerEvent.tf: 12-31
Guideline: https://docs.prismacloud.io/en/enterprise-edition/policy-reference/aws-policies/aws-serverless-policies/bc-aws-serverless-5

		12 | resource &quot;aws_lambda_function&quot; &quot;register_event&quot; {
		13 |   filename         = &quot;${path.module}/bin/registerEvent.zip&quot;
		14 |   function_name    = &quot;register_event&quot;
		15 |   role             = aws_iam_role.lambda_exec_role.arn
		16 |   handler          = &quot;index.handler&quot;
		17 |   runtime          = &quot;nodejs18.x&quot;
		18 |   source_code_hash = filebase64sha256(&quot;${path.module}/bin/registerEvent.zip&quot;)
		19 | 
		20 |   environment {
		21 |     variables = {
		22 |       TABLE_NAME = &quot;tabla_eventos&quot;
		23 |     }
		24 |   }
		25 | 
		26 |   # Añadido para configurar Lambda dentro de la VPC
		27 |   vpc_config {
		28 |     subnet_ids         = [aws_subnet.private_a.id]
		29 |     security_group_ids = [aws_security_group.lambda_sg.id]
		30 |   }
		31 | }
</failure>
		</testcase>
		<testcase name="[NONE][CKV_AWS_116] Ensure that AWS Lambda function is configured for a Dead Letter Queue(DLQ)" classname="/lambda-registerEvent.tf.aws_lambda_function.register_event" file="/lambda-registerEvent.tf">
			<failure type="failure" message="Ensure that AWS Lambda function is configured for a Dead Letter Queue(DLQ)">
Resource: aws_lambda_function.register_event
File: /lambda-registerEvent.tf: 12-31
Guideline: https://docs.prismacloud.io/en/enterprise-edition/policy-reference/aws-policies/aws-general-policies/ensure-that-aws-lambda-function-is-configured-for-a-dead-letter-queue-dlq

		12 | resource &quot;aws_lambda_function&quot; &quot;register_event&quot; {
		13 |   filename         = &quot;${path.module}/bin/registerEvent.zip&quot;
		14 |   function_name    = &quot;register_event&quot;
		15 |   role             = aws_iam_role.lambda_exec_role.arn
		16 |   handler          = &quot;index.handler&quot;
		17 |   runtime          = &quot;nodejs18.x&quot;
		18 |   source_code_hash = filebase64sha256(&quot;${path.module}/bin/registerEvent.zip&quot;)
		19 | 
		20 |   environment {
		21 |     variables = {
		22 |       TABLE_NAME = &quot;tabla_eventos&quot;
		23 |     }
		24 |   }
		25 | 
		26 |   # Añadido para configurar Lambda dentro de la VPC
		27 |   vpc_config {
		28 |     subnet_ids         = [aws_subnet.private_a.id]
		29 |     security_group_ids = [aws_security_group.lambda_sg.id]
		30 |   }
		31 | }
</failure>
		</testcase>
		<testcase name="[NONE][CKV_AWS_115] Ensure that AWS Lambda function is configured for function-level concurrent execution limit" classname="/lambda-registerEvent.tf.aws_lambda_function.register_event" file="/lambda-registerEvent.tf">
			<failure type="failure" message="Ensure that AWS Lambda function is configured for function-level concurrent execution limit">
Resource: aws_lambda_function.register_event
File: /lambda-registerEvent.tf: 12-31
Guideline: https://docs.prismacloud.io/en/enterprise-edition/policy-reference/aws-policies/aws-general-policies/ensure-that-aws-lambda-function-is-configured-for-function-level-concurrent-execution-limit

		12 | resource &quot;aws_lambda_function&quot; &quot;register_event&quot; {
		13 |   filename         = &quot;${path.module}/bin/registerEvent.zip&quot;
		14 |   function_name    = &quot;register_event&quot;
		15 |   role             = aws_iam_role.lambda_exec_role.arn
		16 |   handler          = &quot;index.handler&quot;
		17 |   runtime          = &quot;nodejs18.x&quot;
		18 |   source_code_hash = filebase64sha256(&quot;${path.module}/bin/registerEvent.zip&quot;)
		19 | 
		20 |   environment {
		21 |     variables = {
		22 |       TABLE_NAME = &quot;tabla_eventos&quot;
		23 |     }
		24 |   }
		25 | 
		26 |   # Añadido para configurar Lambda dentro de la VPC
		27 |   vpc_config {
		28 |     subnet_ids         = [aws_subnet.private_a.id]
		29 |     security_group_ids = [aws_security_group.lambda_sg.id]
		30 |   }
		31 | }
</failure>
		</testcase>
		<testcase name="[NONE][CKV_AWS_50] X-Ray tracing is enabled for Lambda" classname="/lambda-registerEvent.tf.aws_lambda_function.register_event" file="/lambda-registerEvent.tf">
			<failure type="failure" message="X-Ray tracing is enabled for Lambda">
Resource: aws_lambda_function.register_event
File: /lambda-registerEvent.tf: 12-31
Guideline: https://docs.prismacloud.io/en/enterprise-edition/policy-reference/aws-policies/aws-serverless-policies/bc-aws-serverless-4

		12 | resource &quot;aws_lambda_function&quot; &quot;register_event&quot; {
		13 |   filename         = &quot;${path.module}/bin/registerEvent.zip&quot;
		14 |   function_name    = &quot;register_event&quot;
		15 |   role             = aws_iam_role.lambda_exec_role.arn
		16 |   handler          = &quot;index.handler&quot;
		17 |   runtime          = &quot;nodejs18.x&quot;
		18 |   source_code_hash = filebase64sha256(&quot;${path.module}/bin/registerEvent.zip&quot;)
		19 | 
		20 |   environment {
		21 |     variables = {
		22 |       TABLE_NAME = &quot;tabla_eventos&quot;
		23 |     }
		24 |   }
		25 | 
		26 |   # Añadido para configurar Lambda dentro de la VPC
		27 |   vpc_config {
		28 |     subnet_ids         = [aws_subnet.private_a.id]
		29 |     security_group_ids = [aws_security_group.lambda_sg.id]
		30 |   }
		31 | }
</failure>
		</testcase>
		<testcase name="[NONE][CKV_AWS_272] Ensure AWS Lambda function is configured to validate code-signing" classname="/lambda-registerEvent.tf.aws_lambda_function.register_event" file="/lambda-registerEvent.tf">
			<failure type="failure" message="Ensure AWS Lambda function is configured to validate code-signing">
Resource: aws_lambda_function.register_event
File: /lambda-registerEvent.tf: 12-31
Guideline: https://docs.prismacloud.io/en/enterprise-edition/policy-reference/aws-policies/aws-general-policies/bc-aws-272

		12 | resource &quot;aws_lambda_function&quot; &quot;register_event&quot; {
		13 |   filename         = &quot;${path.module}/bin/registerEvent.zip&quot;
		14 |   function_name    = &quot;register_event&quot;
		15 |   role             = aws_iam_role.lambda_exec_role.arn
		16 |   handler          = &quot;index.handler&quot;
		17 |   runtime          = &quot;nodejs18.x&quot;
		18 |   source_code_hash = filebase64sha256(&quot;${path.module}/bin/registerEvent.zip&quot;)
		19 | 
		20 |   environment {
		21 |     variables = {
		22 |       TABLE_NAME = &quot;tabla_eventos&quot;
		23 |     }
		24 |   }
		25 | 
		26 |   # Añadido para configurar Lambda dentro de la VPC
		27 |   vpc_config {
		28 |     subnet_ids         = [aws_subnet.private_a.id]
		29 |     security_group_ids = [aws_security_group.lambda_sg.id]
		30 |   }
		31 | }
</failure>
		</testcase>
		<testcase name="[NONE][CKV_AWS_117] Ensure that AWS Lambda function is configured inside a VPC" classname="/lambda-sqs-ses.tf.aws_lambda_function.sqs_ses_consumer" file="/lambda-sqs-ses.tf">
			<failure type="failure" message="Ensure that AWS Lambda function is configured inside a VPC">
Resource: aws_lambda_function.sqs_ses_consumer
File: /lambda-sqs-ses.tf: 1-15
Guideline: https://docs.prismacloud.io/en/enterprise-edition/policy-reference/aws-policies/aws-general-policies/ensure-that-aws-lambda-function-is-configured-inside-a-vpc-1

		1  | resource &quot;aws_lambda_function&quot; &quot;sqs_ses_consumer&quot; {
		2  |   function_name = &quot;lambda-sqs-ses-consumer&quot;
		3  |   filename      = &quot;${path.module}/bin/sqsSesConsumer.zip&quot;
		4  |   source_code_hash = filebase64sha256(&quot;${path.module}/bin/sqsSesConsumer.zip&quot;)
		5  |   handler       = &quot;index.handler&quot;
		6  |   runtime       = &quot;nodejs16.x&quot;
		7  |   role          = aws_iam_role.lambda_exec_role.arn
		8  | 
		9  |   environment {
		10 |     variables = {
		11 |       EMAIL_FROM = &quot;govench6@gmail.com&quot;
		12 |       EMAIL_TO   = &quot;govench6@gmail.com&quot;
		13 |     }
		14 |   }
		15 | }
</failure>
		</testcase>
		<testcase name="[NONE][CKV_AWS_173] Check encryption settings for Lambda environmental variable" classname="/lambda-sqs-ses.tf.aws_lambda_function.sqs_ses_consumer" file="/lambda-sqs-ses.tf">
			<failure type="failure" message="Check encryption settings for Lambda environmental variable">
Resource: aws_lambda_function.sqs_ses_consumer
File: /lambda-sqs-ses.tf: 1-15
Guideline: https://docs.prismacloud.io/en/enterprise-edition/policy-reference/aws-policies/aws-serverless-policies/bc-aws-serverless-5

		1  | resource &quot;aws_lambda_function&quot; &quot;sqs_ses_consumer&quot; {
		2  |   function_name = &quot;lambda-sqs-ses-consumer&quot;
		3  |   filename      = &quot;${path.module}/bin/sqsSesConsumer.zip&quot;
		4  |   source_code_hash = filebase64sha256(&quot;${path.module}/bin/sqsSesConsumer.zip&quot;)
		5  |   handler       = &quot;index.handler&quot;
		6  |   runtime       = &quot;nodejs16.x&quot;
		7  |   role          = aws_iam_role.lambda_exec_role.arn
		8  | 
		9  |   environment {
		10 |     variables = {
		11 |       EMAIL_FROM = &quot;govench6@gmail.com&quot;
		12 |       EMAIL_TO   = &quot;govench6@gmail.com&quot;
		13 |     }
		14 |   }
		15 | }
</failure>
		</testcase>
		<testcase name="[NONE][CKV_AWS_116] Ensure that AWS Lambda function is configured for a Dead Letter Queue(DLQ)" classname="/lambda-sqs-ses.tf.aws_lambda_function.sqs_ses_consumer" file="/lambda-sqs-ses.tf">
			<failure type="failure" message="Ensure that AWS Lambda function is configured for a Dead Letter Queue(DLQ)">
Resource: aws_lambda_function.sqs_ses_consumer
File: /lambda-sqs-ses.tf: 1-15
Guideline: https://docs.prismacloud.io/en/enterprise-edition/policy-reference/aws-policies/aws-general-policies/ensure-that-aws-lambda-function-is-configured-for-a-dead-letter-queue-dlq

		1  | resource &quot;aws_lambda_function&quot; &quot;sqs_ses_consumer&quot; {
		2  |   function_name = &quot;lambda-sqs-ses-consumer&quot;
		3  |   filename      = &quot;${path.module}/bin/sqsSesConsumer.zip&quot;
		4  |   source_code_hash = filebase64sha256(&quot;${path.module}/bin/sqsSesConsumer.zip&quot;)
		5  |   handler       = &quot;index.handler&quot;
		6  |   runtime       = &quot;nodejs16.x&quot;
		7  |   role          = aws_iam_role.lambda_exec_role.arn
		8  | 
		9  |   environment {
		10 |     variables = {
		11 |       EMAIL_FROM = &quot;govench6@gmail.com&quot;
		12 |       EMAIL_TO   = &quot;govench6@gmail.com&quot;
		13 |     }
		14 |   }
		15 | }
</failure>
		</testcase>
		<testcase name="[NONE][CKV_AWS_115] Ensure that AWS Lambda function is configured for function-level concurrent execution limit" classname="/lambda-sqs-ses.tf.aws_lambda_function.sqs_ses_consumer" file="/lambda-sqs-ses.tf">
			<failure type="failure" message="Ensure that AWS Lambda function is configured for function-level concurrent execution limit">
Resource: aws_lambda_function.sqs_ses_consumer
File: /lambda-sqs-ses.tf: 1-15
Guideline: https://docs.prismacloud.io/en/enterprise-edition/policy-reference/aws-policies/aws-general-policies/ensure-that-aws-lambda-function-is-configured-for-function-level-concurrent-execution-limit

		1  | resource &quot;aws_lambda_function&quot; &quot;sqs_ses_consumer&quot; {
		2  |   function_name = &quot;lambda-sqs-ses-consumer&quot;
		3  |   filename      = &quot;${path.module}/bin/sqsSesConsumer.zip&quot;
		4  |   source_code_hash = filebase64sha256(&quot;${path.module}/bin/sqsSesConsumer.zip&quot;)
		5  |   handler       = &quot;index.handler&quot;
		6  |   runtime       = &quot;nodejs16.x&quot;
		7  |   role          = aws_iam_role.lambda_exec_role.arn
		8  | 
		9  |   environment {
		10 |     variables = {
		11 |       EMAIL_FROM = &quot;govench6@gmail.com&quot;
		12 |       EMAIL_TO   = &quot;govench6@gmail.com&quot;
		13 |     }
		14 |   }
		15 | }
</failure>
		</testcase>
		<testcase name="[NONE][CKV_AWS_50] X-Ray tracing is enabled for Lambda" classname="/lambda-sqs-ses.tf.aws_lambda_function.sqs_ses_consumer" file="/lambda-sqs-ses.tf">
			<failure type="failure" message="X-Ray tracing is enabled for Lambda">
Resource: aws_lambda_function.sqs_ses_consumer
File: /lambda-sqs-ses.tf: 1-15
Guideline: https://docs.prismacloud.io/en/enterprise-edition/policy-reference/aws-policies/aws-serverless-policies/bc-aws-serverless-4

		1  | resource &quot;aws_lambda_function&quot; &quot;sqs_ses_consumer&quot; {
		2  |   function_name = &quot;lambda-sqs-ses-consumer&quot;
		3  |   filename      = &quot;${path.module}/bin/sqsSesConsumer.zip&quot;
		4  |   source_code_hash = filebase64sha256(&quot;${path.module}/bin/sqsSesConsumer.zip&quot;)
		5  |   handler       = &quot;index.handler&quot;
		6  |   runtime       = &quot;nodejs16.x&quot;
		7  |   role          = aws_iam_role.lambda_exec_role.arn
		8  | 
		9  |   environment {
		10 |     variables = {
		11 |       EMAIL_FROM = &quot;govench6@gmail.com&quot;
		12 |       EMAIL_TO   = &quot;govench6@gmail.com&quot;
		13 |     }
		14 |   }
		15 | }
</failure>
		</testcase>
		<testcase name="[NONE][CKV_AWS_363] Ensure Lambda Runtime is not deprecated" classname="/lambda-sqs-ses.tf.aws_lambda_function.sqs_ses_consumer" file="/lambda-sqs-ses.tf">
			<failure type="failure" message="Ensure Lambda Runtime is not deprecated">
Resource: aws_lambda_function.sqs_ses_consumer
File: /lambda-sqs-ses.tf: 1-15
Guideline: https://docs.prismacloud.io/en/enterprise-edition/policy-reference/aws-policies/aws-general-policies/bc-aws-363

		1  | resource &quot;aws_lambda_function&quot; &quot;sqs_ses_consumer&quot; {
		2  |   function_name = &quot;lambda-sqs-ses-consumer&quot;
		3  |   filename      = &quot;${path.module}/bin/sqsSesConsumer.zip&quot;
		4  |   source_code_hash = filebase64sha256(&quot;${path.module}/bin/sqsSesConsumer.zip&quot;)
		5  |   handler       = &quot;index.handler&quot;
		6  |   runtime       = &quot;nodejs16.x&quot;
		7  |   role          = aws_iam_role.lambda_exec_role.arn
		8  | 
		9  |   environment {
		10 |     variables = {
		11 |       EMAIL_FROM = &quot;govench6@gmail.com&quot;
		12 |       EMAIL_TO   = &quot;govench6@gmail.com&quot;
		13 |     }
		14 |   }
		15 | }
</failure>
		</testcase>
		<testcase name="[NONE][CKV_AWS_272] Ensure AWS Lambda function is configured to validate code-signing" classname="/lambda-sqs-ses.tf.aws_lambda_function.sqs_ses_consumer" file="/lambda-sqs-ses.tf">
[...]
			<failure type="failure" message="Ensure the default security group of every VPC restricts all traffic">
Resource: aws_vpc.main_vpc
File: /vpc.tf: 2-10
Guideline: https://docs.prismacloud.io/en/enterprise-edition/policy-reference/aws-policies/aws-networking-policies/networking-4

		2  | resource &quot;aws_vpc&quot; &quot;main_vpc&quot; {
		3  |   cidr_block           = &quot;10.0.0.0/16&quot;
		4  |   enable_dns_hostnames = true  # Enable DNS hostnames
		5  |   enable_dns_support   = true  # Enable DNS support
		6  |   
		7  |   tags = {
		8  |     Name = &quot;main-vpc&quot;
		9  |   }
		10 | }
</failure>
		</testcase>
		<testcase name="[NONE][CKV2_AWS_4] Ensure API Gateway stage have logging level defined as appropriate" classname="/apigateway.tf.aws_api_gateway_stage.api_stage" file="/apigateway.tf">
			<failure type="failure" message="Ensure API Gateway stage have logging level defined as appropriate">
Resource: aws_api_gateway_stage.api_stage
File: /apigateway.tf: 96-103
Guideline: https://docs.prismacloud.io/en/enterprise-edition/policy-reference/aws-policies/aws-logging-policies/ensure-api-gateway-stage-have-logging-level-defined-as-appropiate

		96  | resource &quot;aws_api_gateway_stage&quot; &quot;api_stage&quot; {
		97  |   deployment_id = aws_api_gateway_deployment.api_deployment.id
		98  |   rest_api_id   = aws_api_gateway_rest_api.main.id
		99  |   stage_name    = var.environment
		100 | 
		101 |   # Habilitar X-Ray tracing (solución CKV_AWS_73)
		102 |   xray_tracing_enabled = true
		103 | }
</failure>
		</testcase>
		<testcase name="[NONE][CKV2_AWS_42] Ensure AWS CloudFront distribution uses custom SSL certificate" classname="/cloudfront.tf.aws_cloudfront_distribution.cdn" file="/cloudfront.tf">
			<failure type="failure" message="Ensure AWS CloudFront distribution uses custom SSL certificate">
Resource: aws_cloudfront_distribution.cdn
File: /cloudfront.tf: 5-52
Guideline: https://docs.prismacloud.io/en/enterprise-edition/policy-reference/aws-policies/aws-networking-policies/ensure-aws-cloudfront-distribution-uses-custom-ssl-certificate

		5  | resource &quot;aws_cloudfront_distribution&quot; &quot;cdn&quot; {
		6  |   origin {
		7  |     domain_name = aws_s3_bucket.mi_bucket_web.bucket_regional_domain_name
		8  |     origin_id   = &quot;S3Origin&quot;
		9  | 
		10 |     s3_origin_config {
		11 |       origin_access_identity = aws_cloudfront_origin_access_identity.oai.cloudfront_access_identity_path
		12 |     }
		13 |   }
		14 | 
		15 |   enabled             = true
		16 |   is_ipv6_enabled     = true
		17 |   comment             = &quot;CDN for static website&quot;
		18 |   default_root_object = &quot;index.html&quot;
		19 | 
		20 |   default_cache_behavior {
		21 |     allowed_methods  = [&quot;GET&quot;, &quot;HEAD&quot;]
		22 |     cached_methods   = [&quot;GET&quot;, &quot;HEAD&quot;]
		23 |     target_origin_id = &quot;S3Origin&quot;
		24 | 
		25 |     forwarded_values {
		26 |       query_string = false
		27 |       cookies {
		28 |         forward = &quot;none&quot;
		29 |       }
		30 |     }
		31 | 
		32 |     viewer_protocol_policy = &quot;redirect-to-https&quot;
		33 |   }
		34 | 
		35 |   price_class = &quot;PriceClass_100&quot;
		36 | 
		37 |   restrictions {
		38 |     geo_restriction {
		39 |       restriction_type = &quot;none&quot;
		40 |     }
		41 |   }
		42 | 
		43 |   viewer_certificate {
		44 |     cloudfront_default_certificate = true
		45 |   }
		46 | 
		47 |   tags = {
		48 |     Name = &quot;CloudFrontForS3Website&quot;
		49 |   }
		50 | 
		51 |   depends_on = [aws_s3_bucket_policy.bucket_oai_policy]
		52 | }</failure>
		</testcase>
		<testcase name="[NONE][CKV2_AWS_60] Ensure RDS instance with copy tags to snapshots is enabled" classname="/rds.tf.aws_db_instance.postgres_db" file="/rds.tf">
			<failure type="failure" message="Ensure RDS instance with copy tags to snapshots is enabled">
Resource: aws_db_instance.postgres_db
File: /rds.tf: 2-23
Guideline: https://docs.prismacloud.io/en/enterprise-edition/policy-reference/aws-policies/aws-general-policies/bc-aws-2-60

		2  | resource &quot;aws_db_instance&quot; &quot;postgres_db&quot; {
		3  |   identifier           = &quot;eventos-db&quot;
		4  |   engine              = &quot;postgres&quot;
		5  |   engine_version      = &quot;14&quot;
		6  |   instance_class      = &quot;db.t3.micro&quot;
		7  |   allocated_storage   = 20
		8  |   publicly_accessible    = true
		9  | 
		10 |   db_name             = &quot;eventosdb&quot;
		11 |   username            = var.db_username
		12 |   password            = var.db_password
		13 |   
		14 |   # Configuración de VPC
		15 |   db_subnet_group_name   = aws_db_subnet_group.rds_subnet_group.name
		16 |   vpc_security_group_ids = [aws_security_group.rds_sg.id]
		17 |   
		18 |   skip_final_snapshot = true
		19 |   
		20 |   tags = {
		21 |     Environment = var.environment
		22 |   }
		23 | }
</failure>
		</testcase>
		<testcase name="[NONE][CKV_AWS_144] Ensure that S3 bucket has cross-region replication enabled" classname="/s3.tf.aws_s3_bucket.mi_bucket_web" file="/s3.tf">
			<failure type="failure" message="Ensure that S3 bucket has cross-region replication enabled">
Resource: aws_s3_bucket.mi_bucket_web
File: /s3.tf: 1-23
Guideline: https://docs.prismacloud.io/en/enterprise-edition/policy-reference/aws-policies/aws-general-policies/ensure-that-s3-bucket-has-cross-region-replication-enabled

		1  | resource &quot;aws_s3_bucket&quot; &quot;mi_bucket_web&quot; {
		2  |   bucket = &quot;primerbuckets3-probandoandojeje&quot;
		3  | 
		4  |   website {
		5  |     index_document = &quot;index.html&quot;
		6  |     error_document = &quot;index.html&quot;
		7  | 
		8  |     routing_rules = jsonencode([
		9  |       {
		10 |         Condition = {
		11 |           HttpErrorCodeReturnedEquals = &quot;404&quot;
		12 |         },
		13 |         Redirect = {
		14 |           ReplaceKeyWith = &quot;index.html&quot;
		15 |         }
		16 |       }
		17 |     ])
		18 |   }
		19 | 
		20 |   tags = {
		21 |     Name = &quot;S3 Website Bucket&quot;
		22 |   }
		23 | }
</failure>
		</testcase>
		<testcase name="[NONE][CKV2_AWS_51] Ensure AWS API Gateway endpoints uses client certificate authentication" classname="/apigateway.tf.aws_api_gateway_stage.api_stage" file="/apigateway.tf">
			<failure type="failure" message="Ensure AWS API Gateway endpoints uses client certificate authentication">
Resource: aws_api_gateway_stage.api_stage
File: /apigateway.tf: 96-103
Guideline: https://docs.prismacloud.io/en/enterprise-edition/policy-reference/aws-policies/aws-general-policies/bc-aws-2-51

		96  | resource &quot;aws_api_gateway_stage&quot; &quot;api_stage&quot; {
		97  |   deployment_id = aws_api_gateway_deployment.api_deployment.id
		98  |   rest_api_id   = aws_api_gateway_rest_api.main.id
		99  |   stage_name    = var.environment
		100 | 
		101 |   # Habilitar X-Ray tracing (solución CKV_AWS_73)
		102 |   xray_tracing_enabled = true
		103 | }
</failure>
		</testcase>
		<testcase name="[NONE][CKV2_AWS_32] Ensure CloudFront distribution has a response headers policy attached" classname="/cloudfront.tf.aws_cloudfront_distribution.cdn" file="/cloudfront.tf">
			<failure type="failure" message="Ensure CloudFront distribution has a response headers policy attached">
Resource: aws_cloudfront_distribution.cdn
File: /cloudfront.tf: 5-52
Guideline: https://docs.prismacloud.io/en/enterprise-edition/policy-reference/aws-policies/aws-networking-policies/bc-aws-networking-65

		5  | resource &quot;aws_cloudfront_distribution&quot; &quot;cdn&quot; {
		6  |   origin {
		7  |     domain_name = aws_s3_bucket.mi_bucket_web.bucket_regional_domain_name
		8  |     origin_id   = &quot;S3Origin&quot;
		9  | 
		10 |     s3_origin_config {
		11 |       origin_access_identity = aws_cloudfront_origin_access_identity.oai.cloudfront_access_identity_path
		12 |     }
		13 |   }
		14 | 
		15 |   enabled             = true
		16 |   is_ipv6_enabled     = true
		17 |   comment             = &quot;CDN for static website&quot;
		18 |   default_root_object = &quot;index.html&quot;
		19 | 
		20 |   default_cache_behavior {
		21 |     allowed_methods  = [&quot;GET&quot;, &quot;HEAD&quot;]
		22 |     cached_methods   = [&quot;GET&quot;, &quot;HEAD&quot;]
		23 |     target_origin_id = &quot;S3Origin&quot;
		24 | 
		25 |     forwarded_values {
		26 |       query_string = false
		27 |       cookies {
		28 |         forward = &quot;none&quot;
		29 |       }
		30 |     }
		31 | 
		32 |     viewer_protocol_policy = &quot;redirect-to-https&quot;
		33 |   }
		34 | 
		35 |   price_class = &quot;PriceClass_100&quot;
		36 | 
		37 |   restrictions {
		38 |     geo_restriction {
		39 |       restriction_type = &quot;none&quot;
		40 |     }
		41 |   }
		42 | 
		43 |   viewer_certificate {
		44 |     cloudfront_default_certificate = true
		45 |   }
		46 | 
		47 |   tags = {
		48 |     Name = &quot;CloudFrontForS3Website&quot;
		49 |   }
		50 | 
		51 |   depends_on = [aws_s3_bucket_policy.bucket_oai_policy]
		52 | }</failure>
		</testcase>
		<testcase name="[NONE][CKV2_AWS_11] Ensure VPC flow logging is enabled in all VPCs" classname="/vpc.tf.aws_vpc.main_vpc" file="/vpc.tf">
			<failure type="failure" message="Ensure VPC flow logging is enabled in all VPCs">
Resource: aws_vpc.main_vpc
File: /vpc.tf: 2-10
Guideline: https://docs.prismacloud.io/en/enterprise-edition/policy-reference/aws-policies/aws-logging-policies/logging-9-enable-vpc-flow-logging

		2  | resource &quot;aws_vpc&quot; &quot;main_vpc&quot; {
		3  |   cidr_block           = &quot;10.0.0.0/16&quot;
		4  |   enable_dns_hostnames = true  # Enable DNS hostnames
		5  |   enable_dns_support   = true  # Enable DNS support
		6  |   
		7  |   tags = {
		8  |     Name = &quot;main-vpc&quot;
		9  |   }
		10 | }
</failure>
		</testcase>
		<testcase name="[NONE][CKV_AWS_145] Ensure that S3 buckets are encrypted with KMS by default" classname="/s3.tf.aws_s3_bucket.mi_bucket_web" file="/s3.tf">
			<failure type="failure" message="Ensure that S3 buckets are encrypted with KMS by default">
Resource: aws_s3_bucket.mi_bucket_web
File: /s3.tf: 1-23
Guideline: https://docs.prismacloud.io/en/enterprise-edition/policy-reference/aws-policies/aws-general-policies/ensure-that-s3-buckets-are-encrypted-with-kms-by-default

		1  | resource &quot;aws_s3_bucket&quot; &quot;mi_bucket_web&quot; {
		2  |   bucket = &quot;primerbuckets3-probandoandojeje&quot;
		3  | 
		4  |   website {
		5  |     index_document = &quot;index.html&quot;
		6  |     error_document = &quot;index.html&quot;
		7  | 
		8  |     routing_rules = jsonencode([
		9  |       {
		10 |         Condition = {
		11 |           HttpErrorCodeReturnedEquals = &quot;404&quot;
		12 |         },
		13 |         Redirect = {
		14 |           ReplaceKeyWith = &quot;index.html&quot;
		15 |         }
		16 |       }
		17 |     ])
		18 |   }
		19 | 
		20 |   tags = {
		21 |     Name = &quot;S3 Website Bucket&quot;
		22 |   }
		23 | }
</failure>
		</testcase>
		<testcase name="[NONE][CKV2_AWS_47] Ensure AWS CloudFront attached WAFv2 WebACL is configured with AMR for Log4j Vulnerability" classname="/cloudfront.tf.aws_cloudfront_distribution.cdn" file="/cloudfront.tf">
			<failure type="failure" message="Ensure AWS CloudFront attached WAFv2 WebACL is configured with AMR for Log4j Vulnerability">
Resource: aws_cloudfront_distribution.cdn
File: /cloudfront.tf: 5-52
Guideline: https://docs.prismacloud.io/en/enterprise-edition/policy-reference/aws-policies/aws-general-policies/bc-aws-general-47

		5  | resource &quot;aws_cloudfront_distribution&quot; &quot;cdn&quot; {
		6  |   origin {
		7  |     domain_name = aws_s3_bucket.mi_bucket_web.bucket_regional_domain_name
		8  |     origin_id   = &quot;S3Origin&quot;
		9  | 
		10 |     s3_origin_config {
		11 |       origin_access_identity = aws_cloudfront_origin_access_identity.oai.cloudfront_access_identity_path
		12 |     }
		13 |   }
		14 | 
		15 |   enabled             = true
		16 |   is_ipv6_enabled     = true
		17 |   comment             = &quot;CDN for static website&quot;
		18 |   default_root_object = &quot;index.html&quot;
		19 | 
		20 |   default_cache_behavior {
		21 |     allowed_methods  = [&quot;GET&quot;, &quot;HEAD&quot;]
		22 |     cached_methods   = [&quot;GET&quot;, &quot;HEAD&quot;]
		23 |     target_origin_id = &quot;S3Origin&quot;
		24 | 
		25 |     forwarded_values {
		26 |       query_string = false
		27 |       cookies {
		28 |         forward = &quot;none&quot;
		29 |       }
		30 |     }
		31 | 
		32 |     viewer_protocol_policy = &quot;redirect-to-https&quot;
		33 |   }
		34 | 
		35 |   price_class = &quot;PriceClass_100&quot;
		36 | 
		37 |   restrictions {
		38 |     geo_restriction {
		39 |       restriction_type = &quot;none&quot;
		40 |     }
		41 |   }
		42 | 
		43 |   viewer_certificate {
		44 |     cloudfront_default_certificate = true
		45 |   }
		46 | 
		47 |   tags = {
		48 |     Name = &quot;CloudFrontForS3Website&quot;
		49 |   }
		50 | 
		51 |   depends_on = [aws_s3_bucket_policy.bucket_oai_policy]
		52 | }</failure>
		</testcase>
		<testcase name="[NONE][CKV2_AWS_30] Ensure Postgres RDS as aws_db_instance has Query Logging enabled" classname="/rds.tf.aws_db_instance.postgres_db" file="/rds.tf">
			<failure type="failure" message="Ensure Postgres RDS as aws_db_instance has Query Logging enabled">
Resource: aws_db_instance.postgres_db
File: /rds.tf: 2-23
Guideline: https://docs.prismacloud.io/en/enterprise-edition/policy-reference/aws-policies/aws-general-policies/ensure-postgres-rds-has-query-logging-enabled

		2  | resource &quot;aws_db_instance&quot; &quot;postgres_db&quot; {
		3  |   identifier           = &quot;eventos-db&quot;
		4  |   engine              = &quot;postgres&quot;
		5  |   engine_version      = &quot;14&quot;
		6  |   instance_class      = &quot;db.t3.micro&quot;
		7  |   allocated_storage   = 20
		8  |   publicly_accessible    = true
		9  | 
		10 |   db_name             = &quot;eventosdb&quot;
		11 |   username            = var.db_username
		12 |   password            = var.db_password
		13 |   
		14 |   # Configuración de VPC
		15 |   db_subnet_group_name   = aws_db_subnet_group.rds_subnet_group.name
		16 |   vpc_security_group_ids = [aws_security_group.rds_sg.id]
		17 |   
		18 |   skip_final_snapshot = true
		19 |   
		20 |   tags = {
		21 |     Environment = var.environment
		22 |   }
		23 | }
</failure>
		</testcase>
		<testcase name="[NONE][CKV2_AWS_62] Ensure S3 buckets should have event notifications enabled" classname="/s3.tf.aws_s3_bucket.mi_bucket_web" file="/s3.tf">
			<failure type="failure" message="Ensure S3 buckets should have event notifications enabled">
Resource: aws_s3_bucket.mi_bucket_web
File: /s3.tf: 1-23
Guideline: https://docs.prismacloud.io/en/enterprise-edition/policy-reference/aws-policies/aws-logging-policies/bc-aws-2-62

		1  | resource &quot;aws_s3_bucket&quot; &quot;mi_bucket_web&quot; {
		2  |   bucket = &quot;primerbuckets3-probandoandojeje&quot;
		3  | 
		4  |   website {
		5  |     index_document = &quot;index.html&quot;
		6  |     error_document = &quot;index.html&quot;
		7  | 
		8  |     routing_rules = jsonencode([
		9  |       {
		10 |         Condition = {
		11 |           HttpErrorCodeReturnedEquals = &quot;404&quot;
		12 |         },
		13 |         Redirect = {
		14 |           ReplaceKeyWith = &quot;index.html&quot;
		15 |         }
		16 |       }
		17 |     ])
		18 |   }
		19 | 
		20 |   tags = {
		21 |     Name = &quot;S3 Website Bucket&quot;
		22 |   }
		23 | }
</failure>
		</testcase>
		<testcase name="[NONE][CKV2_AWS_61] Ensure that an S3 bucket has a lifecycle configuration" classname="/s3.tf.aws_s3_bucket.mi_bucket_web" file="/s3.tf">
			<failure type="failure" message="Ensure that an S3 bucket has a lifecycle configuration">
Resource: aws_s3_bucket.mi_bucket_web
File: /s3.tf: 1-23
Guideline: https://docs.prismacloud.io/en/enterprise-edition/policy-reference/aws-policies/aws-logging-policies/bc-aws-2-61

		1  | resource &quot;aws_s3_bucket&quot; &quot;mi_bucket_web&quot; {
		2  |   bucket = &quot;primerbuckets3-probandoandojeje&quot;
		3  | 
		4  |   website {
		5  |     index_document = &quot;index.html&quot;
		6  |     error_document = &quot;index.html&quot;
		7  | 
		8  |     routing_rules = jsonencode([
		9  |       {
		10 |         Condition = {
		11 |           HttpErrorCodeReturnedEquals = &quot;404&quot;
		12 |         },
		13 |         Redirect = {
		14 |           ReplaceKeyWith = &quot;index.html&quot;
		15 |         }
		16 |       }
		17 |     ])
		18 |   }
		19 | 
		20 |   tags = {
		21 |     Name = &quot;S3 Website Bucket&quot;
		22 |   }
		23 | }
</failure>
		</testcase>
		<testcase name="[NONE][CKV_AWS_18] Ensure the S3 bucket has access logging enabled" classname="/s3.tf.aws_s3_bucket.mi_bucket_web" file="/s3.tf">
			<failure type="failure" message="Ensure the S3 bucket has access logging enabled">
Resource: aws_s3_bucket.mi_bucket_web
File: /s3.tf: 1-23
Guideline: https://docs.prismacloud.io/en/enterprise-edition/policy-reference/aws-policies/s3-policies/s3-13-enable-logging

		1  | resource &quot;aws_s3_bucket&quot; &quot;mi_bucket_web&quot; {
		2  |   bucket = &quot;primerbuckets3-probandoandojeje&quot;
		3  | 
		4  |   website {
		5  |     index_document = &quot;index.html&quot;
		6  |     error_document = &quot;index.html&quot;
		7  | 
		8  |     routing_rules = jsonencode([
		9  |       {
		10 |         Condition = {
		11 |           HttpErrorCodeReturnedEquals = &quot;404&quot;
		12 |         },
		13 |         Redirect = {
		14 |           ReplaceKeyWith = &quot;index.html&quot;
		15 |         }
		16 |       }
		17 |     ])
		18 |   }
		19 | 
		20 |   tags = {
		21 |     Name = &quot;S3 Website Bucket&quot;
		22 |   }
		23 | }
</failure>
		</testcase>
		<testcase name="[NONE][CKV_AWS_21] Ensure all data stored in the S3 bucket have versioning enabled" classname="/s3.tf.aws_s3_bucket.mi_bucket_web" file="/s3.tf">
			<failure type="failure" message="Ensure all data stored in the S3 bucket have versioning enabled">
Resource: aws_s3_bucket.mi_bucket_web
File: /s3.tf: 1-23
Guideline: https://docs.prismacloud.io/en/enterprise-edition/policy-reference/aws-policies/s3-policies/s3-16-enable-versioning

		1  | resource &quot;aws_s3_bucket&quot; &quot;mi_bucket_web&quot; {
		2  |   bucket = &quot;primerbuckets3-probandoandojeje&quot;
		3  | 
		4  |   website {
		5  |     index_document = &quot;index.html&quot;
		6  |     error_document = &quot;index.html&quot;
		7  | 
		8  |     routing_rules = jsonencode([
		9  |       {
		10 |         Condition = {
		11 |           HttpErrorCodeReturnedEquals = &quot;404&quot;
		12 |         },
		13 |         Redirect = {
		14 |           ReplaceKeyWith = &quot;index.html&quot;
		15 |         }
		16 |       }
		17 |     ])
		18 |   }
		19 | 
		20 |   tags = {
		21 |     Name = &quot;S3 Website Bucket&quot;
		22 |   }
		23 | }
</failure>
		</testcase>
		<testcase name="[NONE][CKV2_AWS_29] Ensure public API gateway are protected by WAF" classname="/apigateway.tf.aws_api_gateway_stage.api_stage" file="/apigateway.tf">
			<failure type="failure" message="Ensure public API gateway are protected by WAF">
Resource: aws_api_gateway_stage.api_stage
File: /apigateway.tf: 96-103
Guideline: https://docs.prismacloud.io/en/enterprise-edition/policy-reference/aws-policies/aws-networking-policies/ensure-public-api-gateway-are-protected-by-waf

		96  | resource &quot;aws_api_gateway_stage&quot; &quot;api_stage&quot; {
		97  |   deployment_id = aws_api_gateway_deployment.api_deployment.id
		98  |   rest_api_id   = aws_api_gateway_rest_api.main.id
		99  |   stage_name    = var.environment
		100 | 
		101 |   # Habilitar X-Ray tracing (solución CKV_AWS_73)
		102 |   xray_tracing_enabled = true
		103 | }
</failure>
		</testcase>
	</testsuite>
</testsuites>
